2023-07-04 14:15:30,575 - luma_log - INFO - Starting luma_write function
2023-07-04 14:15:30,599 - luma_log - INFO - write to device complete
2023-07-04 14:15:52,068 - luma_log - INFO - Starting luma_write function
2023-07-04 14:15:52,090 - luma_log - INFO - write to device complete
2023-07-04 14:20:41,081 - luma_log - INFO - Starting luma_write function
2023-07-04 14:20:41,104 - luma_log - INFO - write to device complete
2023-07-04 14:20:56,123 - luma_log - INFO - clearing device
2023-07-04 14:20:56,138 - luma_log - INFO - device cleared, luma_write function completed successfully
2023-07-04 14:21:06,035 - luma_log - INFO - Starting luma_write function
2023-07-04 14:21:06,058 - luma_log - INFO - write to device complete
2023-07-04 14:21:21,076 - luma_log - INFO - clearing device
2023-07-04 14:21:21,090 - luma_log - INFO - device cleared, luma_write function completed successfully
2023-07-04 14:21:55,305 - luma_log - INFO - Starting luma_write function
2023-07-04 14:21:56,333 - luma_log - INFO - write to device complete
2023-07-04 14:22:11,352 - luma_log - INFO - clearing device
2023-07-04 14:22:11,366 - luma_log - INFO - device cleared, luma_write function completed successfully
2023-07-04 14:22:50,402 - luma_log - INFO - Starting luma_write function
2023-07-04 14:22:50,424 - luma_log - INFO - writing to device..?
2023-07-04 14:22:50,427 - luma_log - INFO - clearing device
2023-07-04 14:23:00,457 - luma_log - INFO - device cleared, luma_write function completed successfully
2023-07-04 14:23:31,489 - luma_log - INFO - Starting luma_write function
2023-07-04 14:23:31,536 - luma_log - INFO - wrote to device
2023-07-04 14:23:36,545 - luma_log - INFO - clearing device
2023-07-04 14:23:36,576 - luma_log - INFO - device cleared, luma_write function completed successfully
