2023-08-15 22:15:34,499 - db_service - DEBUG - Executing query: SELECT persona, session_state, gametext, entropy, session_id FROM poem_game WHERE session_id = %s ORDER BY tstz DESC LIMIT 1 on session: e76e75e4-62b2-4191-a870-3af76d706ede
2023-08-15 22:15:34,538 - db_service - DEBUG - Query executed successfully, result: None
2023-08-15 22:15:34,766 - db_service - DEBUG - Completed insert INSERT INTO poem_game (session_id, session_state, entropy): ('e76e75e4-62b2-4191-a870-3af76d706ede', 'new', Decimal('0.32')) on session: e76e75e4-62b2-4191-a870-3af76d706ede
2023-08-15 22:15:34,792 - db_service - DEBUG - Insert committed successfully
2023-08-15 22:17:37,918 - db_service - DEBUG - Executing query: SELECT persona, session_state, gametext, entropy, session_id FROM poem_game WHERE session_id = %s ORDER BY tstz DESC LIMIT 1 on session: e76e75e4-62b2-4191-a870-3af76d706ede
2023-08-15 22:17:37,944 - db_service - DEBUG - Query executed successfully, result: (None, 'new', None, Decimal('0.32'), 'e76e75e4-62b2-4191-a870-3af76d706ede')
2023-08-15 22:17:38,123 - db_service - DEBUG - Completed insert INSERT INTO poem_game (session_id, session_state, entropy): ('e76e75e4-62b2-4191-a870-3af76d706ede', 'new', Decimal('0.75')) on session: e76e75e4-62b2-4191-a870-3af76d706ede
2023-08-15 22:17:38,130 - db_service - DEBUG - Insert committed successfully
2023-08-15 22:24:59,129 - db_service - DEBUG - Executing query: SELECT persona, session_state, gametext, entropy, session_id FROM poem_game WHERE session_id = %s ORDER BY tstz DESC LIMIT 1 on session: e76e75e4-62b2-4191-a870-3af76d706ede
2023-08-15 22:24:59,155 - db_service - DEBUG - Query executed successfully, result: (None, 'new', None, Decimal('0.75'), 'e76e75e4-62b2-4191-a870-3af76d706ede')
2023-08-15 22:24:59,330 - db_service - DEBUG - Completed insert INSERT INTO poem_game (session_id, session_state, entropy): ('e76e75e4-62b2-4191-a870-3af76d706ede', 'new', Decimal('0.69')) on session: e76e75e4-62b2-4191-a870-3af76d706ede
2023-08-15 22:24:59,340 - db_service - DEBUG - Insert committed successfully
2023-08-15 22:25:15,352 - db_service - DEBUG - Executing query: SELECT persona, session_state, gametext, entropy, session_id FROM poem_game WHERE session_id = %s ORDER BY tstz DESC LIMIT 1 on session: e76e75e4-62b2-4191-a870-3af76d706ede
2023-08-15 22:25:15,377 - db_service - DEBUG - Query executed successfully, result: (None, 'new', None, Decimal('0.69'), 'e76e75e4-62b2-4191-a870-3af76d706ede')
2023-08-15 22:25:15,553 - db_service - DEBUG - Completed insert INSERT INTO poem_game (session_id, session_state, entropy): ('e76e75e4-62b2-4191-a870-3af76d706ede', 'new', Decimal('0.22')) on session: e76e75e4-62b2-4191-a870-3af76d706ede
2023-08-15 22:25:15,561 - db_service - DEBUG - Insert committed successfully
2023-08-15 22:25:26,170 - db_service - DEBUG - Completed insert INSERT INTO poem_game (session_id, session_state, entropy): ('e76e75e4-62b2-4191-a870-3af76d706ede', 'active', Decimal('0.22')) on session: e76e75e4-62b2-4191-a870-3af76d706ede
2023-08-15 22:25:26,182 - db_service - DEBUG - Insert committed successfully
2023-08-15 22:36:06,738 - db_service - DEBUG - Executing query: SELECT persona, session_state, gametext, entropy, session_id FROM poem_game WHERE session_id = %s ORDER BY tstz DESC LIMIT 1 on session: 7fe1f656-4c4c-4fb6-bce3-8b8ad8b21883
2023-08-15 22:36:06,763 - db_service - DEBUG - Query executed successfully, result: None
2023-08-15 22:36:07,010 - db_service - DEBUG - Completed insert INSERT INTO poem_game (session_id, session_state, entropy): ('7fe1f656-4c4c-4fb6-bce3-8b8ad8b21883', 'new', Decimal('0.06')) on session: 7fe1f656-4c4c-4fb6-bce3-8b8ad8b21883
2023-08-15 22:36:07,017 - db_service - DEBUG - Insert committed successfully
2023-08-15 23:10:22,936 - db_service - DEBUG - Executing query: SELECT persona, session_state, gametext, entropy, session_id FROM poem_game WHERE session_id = %s ORDER BY tstz DESC LIMIT 1 on session: 7fe1f656-4c4c-4fb6-bce3-8b8ad8b21883
2023-08-15 23:10:22,961 - db_service - DEBUG - Query executed successfully, result: (None, 'new', None, Decimal('0.06'), '7fe1f656-4c4c-4fb6-bce3-8b8ad8b21883')
2023-08-15 23:10:23,137 - db_service - DEBUG - Completed insert INSERT INTO poem_game (session_id, session_state, entropy): ('7fe1f656-4c4c-4fb6-bce3-8b8ad8b21883', 'new', Decimal('0.51')) on session: 7fe1f656-4c4c-4fb6-bce3-8b8ad8b21883
2023-08-15 23:10:23,148 - db_service - DEBUG - Insert committed successfully
2023-08-15 23:22:40,276 - db_service - DEBUG - Executing query: SELECT persona, session_state, gametext, entropy, session_id FROM poem_game WHERE session_id = %s ORDER BY tstz DESC LIMIT 1 on session: 7fe1f656-4c4c-4fb6-bce3-8b8ad8b21883
2023-08-15 23:22:40,301 - db_service - DEBUG - Query executed successfully, result: (None, 'new', None, Decimal('0.51'), '7fe1f656-4c4c-4fb6-bce3-8b8ad8b21883')
2023-08-15 23:22:40,481 - db_service - DEBUG - Completed insert INSERT INTO poem_game (session_id, session_state, entropy): ('7fe1f656-4c4c-4fb6-bce3-8b8ad8b21883', 'new', Decimal('0.76')) on session: 7fe1f656-4c4c-4fb6-bce3-8b8ad8b21883
2023-08-15 23:22:40,489 - db_service - DEBUG - Insert committed successfully
2023-08-15 23:22:51,903 - db_service - DEBUG - Completed insert INSERT INTO poem_game (session_id, session_state, entropy): ('7fe1f656-4c4c-4fb6-bce3-8b8ad8b21883', 'active', Decimal('0.76')) on session: 7fe1f656-4c4c-4fb6-bce3-8b8ad8b21883
2023-08-15 23:22:51,911 - db_service - DEBUG - Insert committed successfully
2023-08-15 23:23:22,551 - db_service - DEBUG - Executing query: SELECT persona, session_state, gametext, entropy, session_id FROM poem_game WHERE session_id = %s ORDER BY tstz DESC LIMIT 1 on session: 7fe1f656-4c4c-4fb6-bce3-8b8ad8b21883
2023-08-15 23:23:22,578 - db_service - DEBUG - Query executed successfully, result: (None, 'active', None, Decimal('0.76'), '7fe1f656-4c4c-4fb6-bce3-8b8ad8b21883')
2023-08-15 23:24:20,224 - db_service - DEBUG - Completed insert INSERT INTO poem_game (session_id, session_state, entropy): ('7fe1f656-4c4c-4fb6-bce3-8b8ad8b21883', 'active', Decimal('0.76')) on session: 7fe1f656-4c4c-4fb6-bce3-8b8ad8b21883
2023-08-15 23:24:20,231 - db_service - DEBUG - Insert committed successfully
2023-08-15 23:24:50,758 - db_service - DEBUG - Executing query: SELECT persona, session_state, gametext, entropy, session_id FROM poem_game WHERE session_id = %s ORDER BY tstz DESC LIMIT 1 on session: 7fe1f656-4c4c-4fb6-bce3-8b8ad8b21883
2023-08-15 23:24:50,783 - db_service - DEBUG - Query executed successfully, result: (None, 'active', None, Decimal('0.76'), '7fe1f656-4c4c-4fb6-bce3-8b8ad8b21883')
2023-08-15 23:24:55,275 - db_service - DEBUG - Completed insert INSERT INTO poem_game (session_id, session_state, entropy): ('7fe1f656-4c4c-4fb6-bce3-8b8ad8b21883', 'active', Decimal('0.76')) on session: 7fe1f656-4c4c-4fb6-bce3-8b8ad8b21883
2023-08-15 23:24:55,297 - db_service - DEBUG - Insert committed successfully
2023-08-15 23:25:25,785 - db_service - DEBUG - Executing query: SELECT persona, session_state, gametext, entropy, session_id FROM poem_game WHERE session_id = %s ORDER BY tstz DESC LIMIT 1 on session: 7fe1f656-4c4c-4fb6-bce3-8b8ad8b21883
2023-08-15 23:25:25,810 - db_service - DEBUG - Query executed successfully, result: (None, 'active', None, Decimal('0.76'), '7fe1f656-4c4c-4fb6-bce3-8b8ad8b21883')
2023-08-15 23:25:28,341 - db_service - DEBUG - Completed insert INSERT INTO poem_game (session_id, session_state, entropy): ('7fe1f656-4c4c-4fb6-bce3-8b8ad8b21883', 'active', Decimal('0.76')) on session: 7fe1f656-4c4c-4fb6-bce3-8b8ad8b21883
2023-08-15 23:25:28,349 - db_service - DEBUG - Insert committed successfully
2023-08-15 23:25:58,850 - db_service - DEBUG - Executing query: SELECT persona, session_state, gametext, entropy, session_id FROM poem_game WHERE session_id = %s ORDER BY tstz DESC LIMIT 1 on session: 7fe1f656-4c4c-4fb6-bce3-8b8ad8b21883
2023-08-15 23:25:58,875 - db_service - DEBUG - Query executed successfully, result: (None, 'active', None, Decimal('0.76'), '7fe1f656-4c4c-4fb6-bce3-8b8ad8b21883')
2023-08-15 23:26:02,122 - db_service - DEBUG - Completed insert INSERT INTO poem_game (session_id, session_state, entropy): ('7fe1f656-4c4c-4fb6-bce3-8b8ad8b21883', 'active', Decimal('0.76')) on session: 7fe1f656-4c4c-4fb6-bce3-8b8ad8b21883
2023-08-15 23:26:02,192 - db_service - DEBUG - Insert committed successfully
2023-08-15 23:26:32,717 - db_service - DEBUG - Executing query: SELECT persona, session_state, gametext, entropy, session_id FROM poem_game WHERE session_id = %s ORDER BY tstz DESC LIMIT 1 on session: 7fe1f656-4c4c-4fb6-bce3-8b8ad8b21883
2023-08-15 23:26:32,766 - db_service - DEBUG - Query executed successfully, result: (None, 'active', None, Decimal('0.76'), '7fe1f656-4c4c-4fb6-bce3-8b8ad8b21883')
2023-08-15 23:26:36,427 - db_service - DEBUG - Completed insert INSERT INTO poem_game (session_id, session_state, entropy): ('7fe1f656-4c4c-4fb6-bce3-8b8ad8b21883', 'active', Decimal('0.76')) on session: 7fe1f656-4c4c-4fb6-bce3-8b8ad8b21883
2023-08-15 23:26:36,435 - db_service - DEBUG - Insert committed successfully
2023-08-15 23:27:06,941 - db_service - DEBUG - Executing query: SELECT persona, session_state, gametext, entropy, session_id FROM poem_game WHERE session_id = %s ORDER BY tstz DESC LIMIT 1 on session: 7fe1f656-4c4c-4fb6-bce3-8b8ad8b21883
2023-08-15 23:27:06,967 - db_service - DEBUG - Query executed successfully, result: (None, 'active', None, Decimal('0.76'), '7fe1f656-4c4c-4fb6-bce3-8b8ad8b21883')
2023-08-15 23:27:10,017 - db_service - DEBUG - Completed insert INSERT INTO poem_game (session_id, session_state, entropy): ('7fe1f656-4c4c-4fb6-bce3-8b8ad8b21883', 'active', Decimal('0.76')) on session: 7fe1f656-4c4c-4fb6-bce3-8b8ad8b21883
2023-08-15 23:27:10,025 - db_service - DEBUG - Insert committed successfully
