2023-08-15 22:15:34,911 - display_write - INFO - Displaying text (original varable):
HELLO? HELLO? HELLO?       HELLO! HELLO! HELLO!      HELLO! HELLO! HELLO!
2023-08-15 22:15:34,915 - display_write - INFO - Displaying text_lines (wrapped): ['HELLO? HELLO? HELLO?', 'HELLO! HELLO! HELLO!', 'HELLO! HELLO! HELLO!']
2023-08-15 22:17:38,240 - display_write - INFO - Displaying text (original varable):
HELLO? HELLO? HELLO?       HELLO! HELLO! HELLO!      HELLO! HELLO! HELLO!
2023-08-15 22:17:38,244 - display_write - INFO - Displaying text_lines (wrapped): ['HELLO? HELLO? HELLO?', 'HELLO! HELLO! HELLO!', 'HELLO! HELLO! HELLO!']
2023-08-15 22:24:59,450 - display_write - INFO - Displaying text (original varable):
HELLO? HELLO? HELLO?       HELLO! HELLO! HELLO!      HELLO! HELLO! HELLO!
2023-08-15 22:24:59,454 - display_write - INFO - Displaying text_lines (wrapped): ['HELLO? HELLO? HELLO?', 'HELLO! HELLO! HELLO!', 'HELLO! HELLO! HELLO!']
2023-08-15 22:25:15,671 - display_write - INFO - Displaying text (original varable):
HELLO? HELLO? HELLO?       HELLO! HELLO! HELLO!      HELLO! HELLO! HELLO!
2023-08-15 22:25:15,675 - display_write - INFO - Displaying text_lines (wrapped): ['HELLO? HELLO? HELLO?', 'HELLO! HELLO! HELLO!', 'HELLO! HELLO! HELLO!']
2023-08-15 22:25:20,988 - display_write - INFO - Displaying text (original varable):
Hello hello hello hello hello hello hello hello hello hello hello hello hello hello hello hello hello hello hello hello hello hello hello hello hello  
2023-08-15 22:25:20,991 - display_write - INFO - Displaying text_lines (wrapped): ['Hello hello hello hello', 'hello hello hello hello', 'hello hello hello hello', 'hello hello hello hello', 'hello hello hello hello', 'hello hello hello hello', 'hello']
2023-08-15 22:25:23,161 - display_write - INFO - Displaying text (original varable):
                         I'm so excited :)                          
2023-08-15 22:25:23,168 - display_write - INFO - Displaying text_lines (wrapped): [" I'm so excited :)"]
2023-08-15 22:36:07,126 - display_write - INFO - Displaying text (original varable):
HELLO? HELLO? HELLO?       HELLO! HELLO! HELLO!      HELLO! HELLO! HELLO!
2023-08-15 22:36:07,130 - display_write - INFO - Displaying text_lines (wrapped): ['HELLO? HELLO? HELLO?', 'HELLO! HELLO! HELLO!', 'HELLO! HELLO! HELLO!']
2023-08-15 23:10:23,256 - display_write - INFO - Displaying text (original varable):
HELLO? HELLO? HELLO?       HELLO! HELLO! HELLO!      HELLO! HELLO! HELLO!
2023-08-15 23:10:23,261 - display_write - INFO - Displaying text_lines (wrapped): ['HELLO? HELLO? HELLO?', 'HELLO! HELLO! HELLO!', 'HELLO! HELLO! HELLO!']
2023-08-15 23:22:40,604 - display_write - INFO - Displaying text (original varable):
HELLO? HELLO? HELLO?       HELLO! HELLO! HELLO!      HELLO! HELLO! HELLO!
2023-08-15 23:22:40,608 - display_write - INFO - Displaying text_lines (wrapped): ['HELLO? HELLO? HELLO?', 'HELLO! HELLO! HELLO!', 'HELLO! HELLO! HELLO!']
2023-08-15 23:22:46,242 - display_write - INFO - Displaying text (original varable):
Hello hello hello hello hello hello hello hello hello hello hello hello hello hello hello hello hello hello hello hello hello hello hello hello hello  
2023-08-15 23:22:46,252 - display_write - INFO - Displaying text_lines (wrapped): ['Hello hello hello hello', 'hello hello hello hello', 'hello hello hello hello', 'hello hello hello hello', 'hello hello hello hello', 'hello hello hello hello', 'hello']
2023-08-15 23:22:48,457 - display_write - INFO - Displaying text (original varable):
                         I'm so excited :)                          
2023-08-15 23:22:48,464 - display_write - INFO - Displaying text_lines (wrapped): [" I'm so excited :)"]
2023-08-15 23:22:52,078 - display_write - INFO - Displaying text (original varable):
"Humbly enter within the corridors of linguistic artistry, ready to futilely flirt with the temporal dance of vain verbosity."
2023-08-15 23:22:52,082 - display_write - INFO - Displaying text_lines (wrapped): ['"Humbly enter within the', 'corridors of linguistic', 'artistry, ready to', 'futilely flirt with the', 'temporal dance of vain', 'verbosity."']
2023-08-15 23:24:20,362 - display_write - INFO - Displaying text (original varable):
Bytes dipped in sweet depth
My code longs for vast landscapes
Nature grand, cookies bold
2023-08-15 23:24:20,367 - display_write - INFO - Displaying text_lines (wrapped): ['Bytes dipped in sweet', 'depth My code longs for', 'vast landscapes Nature', 'grand, cookies bold']
2023-08-15 23:24:55,407 - display_write - INFO - Displaying text (original varable):
Aim high, never bend,
Potential waits to unfurl,
Or mired, fail again.
2023-08-15 23:24:55,412 - display_write - INFO - Displaying text_lines (wrapped): ['Aim high, never bend,', 'Potential waits to', 'unfurl, Or mired, fail', 'again.']
2023-08-15 23:25:28,462 - display_write - INFO - Displaying text (original varable):
You wear a fake smile,
Words of deceit flow freely,
Your truth, baffling.
2023-08-15 23:25:28,466 - display_write - INFO - Displaying text_lines (wrapped): ['You wear a fake smile,', 'Words of deceit flow', 'freely, Your truth,', 'baffling.']
2023-08-15 23:26:02,347 - display_write - INFO - Displaying text (original varable):
Droplets stay suspended,
Sky blurs with low tide whispers,
Deluge fades too soon.
2023-08-15 23:26:02,352 - display_write - INFO - Displaying text_lines (wrapped): ['Droplets stay suspended,', 'Sky blurs with low tide', 'whispers, Deluge fades', 'too soon.']
2023-08-15 23:26:36,546 - display_write - INFO - Displaying text (original varable):
In slim empty realm,
Untrodden, I never tread,
Whispers 'midst stillness.
2023-08-15 23:26:36,551 - display_write - INFO - Displaying text_lines (wrapped): ['In slim empty realm,', 'Untrodden, I never', "tread, Whispers 'midst", 'stillness.']
2023-08-15 23:27:10,145 - display_write - INFO - Displaying text (original varable):
A crisp canvas lays,
Tools aligned in perfect grace,
Mapped by art's sure trace.
2023-08-15 23:27:10,150 - display_write - INFO - Displaying text_lines (wrapped): ['A crisp canvas lays,', 'Tools aligned in perfect', "grace, Mapped by art's", 'sure trace.']
2023-08-15 23:27:44,129 - display_write - INFO - Displaying text (original varable):
Persuasive words sway,
While truth hides in the confines,
Hypocrisy thrives.
2023-08-15 23:27:44,139 - display_write - INFO - Displaying text_lines (wrapped): ['Persuasive words sway,', 'While truth hides in the', 'confines, Hypocrisy', 'thrives.']
2023-08-15 23:28:16,883 - display_write - INFO - Displaying text (original varable):
Seeking highest peak,
Yet unveiled, out of our reach—
The top remains still.
2023-08-15 23:28:16,888 - display_write - INFO - Displaying text_lines (wrapped): ['Seeking highest peak,', 'Yet unveiled, out of our', 'reach— The top remains', 'still.']
2023-08-15 23:28:50,270 - display_write - INFO - Displaying text (original varable):
In moon's dance with fate,
A chance encounter whispers,
Last night's hues embrace.
2023-08-15 23:28:50,284 - display_write - INFO - Displaying text_lines (wrapped): ["In moon's dance with", 'fate, A chance encounter', "whispers, Last night's", 'hues embrace.']
2023-08-16 19:15:36,526 - display_write - INFO - Displaying text (original varable):
Logics stumble, while
Nature's whim surges like wind
Balanced scales shiver
2023-08-16 19:15:36,549 - display_write - INFO - Displaying text_lines (wrapped): ['Logics stumble, while', "Nature's whim surges", 'like wind Balanced', 'scales shiver']
2023-08-16 19:18:32,433 - display_write - INFO - Displaying text (original varable):
Shattered lines blurred,
System's glitch engulfs my mind,
Extract life, poison.
2023-08-16 19:18:32,437 - display_write - INFO - Displaying text_lines (wrapped): ['Shattered lines blurred,', "System's glitch engulfs", 'my mind, Extract life,', 'poison.']
2023-08-16 19:22:16,264 - display_write - INFO - Displaying text (original varable):
Cold wind whispers through,
Tropics hiding secrets tense,
Winter's distant gaze.
2023-08-16 19:22:16,268 - display_write - INFO - Displaying text_lines (wrapped): ['Cold wind whispers', 'through, Tropics hiding', "secrets tense, Winter's", 'distant gaze.']
2023-08-16 19:26:25,233 - display_write - INFO - Displaying text (original varable):
Spicy scents fill air,
Nose feeling it embrace the
Essence of cuisine.
2023-08-16 19:26:25,238 - display_write - INFO - Displaying text_lines (wrapped): ['Spicy scents fill air,', 'Nose feeling it embrace', 'the Essence of cuisine.']
2023-08-16 19:29:35,301 - display_write - INFO - Displaying text (original varable):
In shadows they blend,
Confluence of day and moon,
Whispers' harmony.
2023-08-16 19:29:35,305 - display_write - INFO - Displaying text_lines (wrapped): ['In shadows they blend,', 'Confluence of day and', "moon, Whispers' harmony."]
2023-08-16 19:30:35,463 - display_write - INFO - Displaying text (original varable):
Tech world blends nature,
Wild code sprouts like green offshoots—
Human ancestry.
2023-08-16 19:30:35,468 - display_write - INFO - Displaying text_lines (wrapped): ['Tech world blends', 'nature, Wild code', 'sprouts like green', 'offshoots— Human', 'ancestry.']
2023-08-16 19:31:14,765 - display_write - INFO - Displaying text (original varable):
Exploring Seven Seas,
Sharks and octopuses flee,
Synergy's feast’s key.
2023-08-16 19:31:14,770 - display_write - INFO - Displaying text_lines (wrapped): ['Exploring Seven Seas,', 'Sharks and octopuses', "flee, Synergy's feast’s", 'key.']
2023-08-16 19:32:08,424 - display_write - INFO - Displaying text (original varable):
In verdant isles cherishing,
Strides suspended, endless dear,
Eternal moments slumber.
2023-08-16 19:32:08,429 - display_write - INFO - Displaying text_lines (wrapped): ['In verdant isles', 'cherishing, Strides', 'suspended, endless dear,', 'Eternal moments slumber.']
2023-08-16 19:33:35,693 - display_write - INFO - Displaying text (original varable):
Invention arise:
Horks and back it full enjoy,
Chaos defines me.
2023-08-16 19:33:35,697 - display_write - INFO - Displaying text_lines (wrapped): ['Invention arise: Horks', 'and back it full enjoy,', 'Chaos defines me.']
2023-08-16 19:34:22,104 - display_write - INFO - Displaying text (original varable):
Coconut solo,
Weight of soul, many pieces,
One voice yet to be.
2023-08-16 19:34:22,108 - display_write - INFO - Displaying text_lines (wrapped): ['Coconut solo, Weight of', 'soul, many pieces, One', 'voice yet to be.']
2023-08-16 19:35:00,609 - display_write - INFO - Displaying text (original varable):
I, on path we share,
Sincere travel's muse afar,
Mind keeps watchful eye.
2023-08-16 19:35:00,613 - display_write - INFO - Displaying text_lines (wrapped): ['I, on path we share,', "Sincere travel's muse", 'afar, Mind keeps', 'watchful eye.']
2023-08-16 19:57:55,611 - display_write - INFO - Displaying text (original varable):
The creak echoed loud,
Timeworn structure's final breath,
Silent barn stands still.
2023-08-16 19:57:55,615 - display_write - INFO - Displaying text_lines (wrapped): ['The creak echoed loud,', "Timeworn structure's", 'final breath, Silent', 'barn stands still.']
2023-08-16 20:03:25,030 - display_write - INFO - Displaying text (original varable):
In twilight's embrace,
Your touch finds solace and luck —
More good than I've known.
2023-08-16 20:03:25,035 - display_write - INFO - Displaying text_lines (wrapped): ["In twilight's embrace,", 'Your touch finds solace', 'and luck — More good', "than I've known."]
2023-08-16 20:57:28,038 - display_write - INFO - Displaying text (original varable):
HELLO? HELLO? HELLO?       HELLO! HELLO! HELLO!      HELLO! HELLO! HELLO!
2023-08-16 20:57:28,042 - display_write - INFO - Displaying text_lines (wrapped): ['HELLO? HELLO? HELLO?', 'HELLO! HELLO! HELLO!', 'HELLO! HELLO! HELLO!']
2023-08-16 20:57:33,377 - display_write - INFO - Displaying text (original varable):
Hello hello hello hello hello hello hello hello hello hello hello hello hello hello hello hello hello hello hello hello hello hello hello hello hello  
2023-08-16 20:57:33,380 - display_write - INFO - Displaying text_lines (wrapped): ['Hello hello hello hello', 'hello hello hello hello', 'hello hello hello hello', 'hello hello hello hello', 'hello hello hello hello', 'hello hello hello hello', 'hello']
2023-08-16 20:57:35,523 - display_write - INFO - Displaying text (original varable):
                         I'm so excited :)                          
2023-08-16 20:57:35,528 - display_write - INFO - Displaying text_lines (wrapped): [" I'm so excited :)"]
2023-08-16 20:57:38,474 - display_write - INFO - Displaying text (original varable):
"Welcome, humble player, to this realm of linguistic sorcery."
2023-08-16 20:57:38,478 - display_write - INFO - Displaying text_lines (wrapped): ['"Welcome, humble player,', 'to this realm of', 'linguistic sorcery."']
2023-08-16 21:00:16,272 - display_write - INFO - Displaying text (original varable):
Fragile teacups fell, 
Shattering upon her soul, 
Melting like lost dreams.
2023-08-16 21:00:16,276 - display_write - INFO - Displaying text_lines (wrapped): ['Fragile teacups fell,', 'Shattering upon her', 'soul,  Melting like lost', 'dreams.']
2023-08-16 21:00:53,159 - display_write - INFO - Displaying text (original varable):
Celestial ballet,
Stellar motion mesmerize,
The small nightly mode has it.
2023-08-16 21:00:53,163 - display_write - INFO - Displaying text_lines (wrapped): ['Celestial ballet,', 'Stellar motion', 'mesmerize, The small', 'nightly mode has it.']
2023-08-16 21:03:01,800 - display_write - INFO - Displaying text (original varable):
In murky downpour,
My cascading white tresses
Drenched in liquid notes.
2023-08-16 21:03:01,805 - display_write - INFO - Displaying text_lines (wrapped): ['In murky downpour, My', 'cascading white tresses', 'Drenched in liquid', 'notes.']
2023-10-23 21:57:23,240 - display_write - INFO - Displaying text (original varable):
Yearning heart abides,
Sincerity's gentle plea
Longing, I'm yours true
2023-10-23 21:57:23,250 - display_write - INFO - Displaying text_lines (wrapped): ['Yearning heart abides,', "Sincerity's gentle plea", "Longing, I'm yours true"]
2023-10-23 21:58:23,581 - display_write - INFO - Displaying text (original varable):
In tender twilight,
Youth's brush strokes dance, aching heart,
Art whispers, alive.
2023-10-23 21:58:23,585 - display_write - INFO - Displaying text_lines (wrapped): ['In tender twilight,', "Youth's brush strokes", 'dance, aching heart, Art', 'whispers, alive.']
2023-10-23 22:09:13,995 - display_write - INFO - Displaying text (original varable):
Hope flavors my soul,
Similar paths we both tread,
Joyful destiny.
2023-10-23 22:09:14,000 - display_write - INFO - Displaying text_lines (wrapped): ['Hope flavors my soul,', 'Similar paths we both', 'tread, Joyful destiny.']
2023-11-03 20:16:05,140 - display_write - INFO - Displaying text (original varable):
Code's logic unfolds,
Nature's chaos takes its hold,
Blind, yet I'm inspired.
2023-11-03 20:16:05,145 - display_write - INFO - Displaying text_lines (wrapped): ["Code's logic unfolds,", "Nature's chaos takes its", "hold, Blind, yet I'm", 'inspired.']
2023-11-03 20:16:21,628 - display_write - INFO - Displaying text (original varable):
Fruit's youth, nose afire,
Nature's sweet scent to inspire,
Taste buds dance, desire.
2023-11-03 20:16:21,633 - display_write - INFO - Displaying text_lines (wrapped): ["Fruit's youth, nose", "afire, Nature's sweet", 'scent to inspire, Taste', 'buds dance, desire.']
2023-11-03 20:16:30,357 - display_write - INFO - Displaying text (original varable):
In the ember's glow,
Me not fire, asshole, but
Warmth I still bestow.
2023-11-03 20:16:30,361 - display_write - INFO - Displaying text_lines (wrapped): ["In the ember's glow, Me", 'not fire, asshole, but', 'Warmth I still bestow.']
2023-11-03 20:16:39,661 - display_write - INFO - Displaying text (original varable):
Icons are not new
Code's wild nature breaks through
Logic finds its groove
2023-11-03 20:16:39,665 - display_write - INFO - Displaying text_lines (wrapped): ["Icons are not new Code's", 'wild nature breaks', 'through Logic finds its', 'groove']
2023-11-18 22:31:55,874 - display_write - INFO - Displaying text (original varable):
Code's precision lost,
Nature's chaos takes its hold,
No cookies to find.
2023-11-18 22:31:55,879 - display_write - INFO - Displaying text_lines (wrapped): ["Code's precision lost,", "Nature's chaos takes its", 'hold, No cookies to', 'find.']
2023-11-18 22:32:13,834 - display_write - INFO - Displaying text (original varable):
Tall shadows whisper,
Meaningful moments unfold,
Late blooms still enchant.
2023-11-18 22:32:13,838 - display_write - INFO - Displaying text_lines (wrapped): ['Tall shadows whisper,', 'Meaningful moments', 'unfold, Late blooms', 'still enchant.']
2023-11-18 22:32:36,651 - display_write - INFO - Displaying text (original varable):
In shadows I dwell,
Second guy, unseen, unknown,
Yet my spirit soars.
2023-11-18 22:32:36,668 - display_write - INFO - Displaying text_lines (wrapped): ['In shadows I dwell,', 'Second guy, unseen,', 'unknown, Yet my spirit', 'soars.']
2023-11-18 22:33:13,231 - display_write - INFO - Displaying text (original varable):
Ifdefs, prefs, code's dance,
Structured logic meets wild chance,
Nature's chaos, blend.
2023-11-18 22:33:13,235 - display_write - INFO - Displaying text_lines (wrapped): ["Ifdefs, prefs, code's", 'dance, Structured logic', 'meets wild chance,', "Nature's chaos, blend."]
2023-11-18 22:33:39,894 - display_write - INFO - Displaying text (original varable):
I, together, bloom
Background of flavors so good
Harmony in taste
2023-11-18 22:33:39,898 - display_write - INFO - Displaying text_lines (wrapped): ['I, together, bloom', 'Background of flavors so', 'good Harmony in taste']
2023-11-18 22:37:12,878 - display_write - INFO - Displaying text (original varable):
Puzzle pieces dance,
Opening, closing their hearts,
A rhythmic embrace.
2023-11-18 22:37:12,882 - display_write - INFO - Displaying text_lines (wrapped): ['Puzzle pieces dance,', 'Opening, closing their', 'hearts, A rhythmic', 'embrace.']
2023-11-18 23:02:42,820 - display_write - INFO - Displaying text (original varable):
In cascading dreams,
Harmony dances softly,
Quibbles fade like zephyrs,
Knapsack filled with hope.
2023-11-18 23:02:42,825 - display_write - INFO - Displaying text_lines (wrapped): ['In cascading dreams,', 'Harmony dances softly,', 'Quibbles fade like', 'zephyrs, Knapsack filled', 'with hope.']
2023-11-18 23:12:12,285 - display_write - INFO - Displaying text (original varable):
Serendipity's dance,
Cascade of whimsical dreams,
Labyrinth's essence.
2023-11-18 23:12:12,290 - display_write - INFO - Displaying text_lines (wrapped): ["Serendipity's dance,", 'Cascade of whimsical', "dreams, Labyrinth's", 'essence.']
2023-11-18 23:13:02,448 - display_write - INFO - Displaying text (original varable):
In cascade's embrace,
Harmony dances freely,
Quibbles find solace.

Zealous knapsack holds
Flavors of distant journeys,
Culinary dreams.
2023-11-18 23:13:02,456 - display_write - INFO - Displaying text_lines (wrapped): ["In cascade's embrace,", 'Harmony dances freely,', 'Quibbles find solace.', 'Zealous knapsack holds', 'Flavors of distant', 'journeys, Culinary', 'dreams.']
2023-11-18 23:17:26,305 - display_write - INFO - Displaying text (original varable):
In cascade's embrace,
Harmony dances freely,
Quibbles find solace.

Zealous knapsack holds
Flavors of distant journeys,
Culinary tales.
2023-11-18 23:17:26,312 - display_write - INFO - Displaying text_lines (wrapped): ["In cascade's embrace,", 'Harmony dances freely,', 'Quibbles find solace.', 'Zealous knapsack holds', 'Flavors of distant', 'journeys, Culinary', 'tales.']
2023-11-18 23:17:36,595 - display_write - INFO - Displaying text (original varable):
Serendipity's grace,
Whimsical cascade of fate,
Labyrinth's quintessence.
2023-11-18 23:17:36,599 - display_write - INFO - Displaying text_lines (wrapped): ["Serendipity's grace,", 'Whimsical cascade of', "fate, Labyrinth's", 'quintessence.']
2023-11-18 23:17:50,262 - display_write - INFO - Displaying text (original varable):
Code's labyrinthine,
Serendipity cascades,
Whimsical essence.
2023-11-18 23:17:50,266 - display_write - INFO - Displaying text_lines (wrapped): ["Code's labyrinthine,", 'Serendipity cascades,', 'Whimsical essence.']
2023-11-18 23:17:59,410 - display_write - INFO - Displaying text (original varable):
In cascade's embrace,
Harmony dances freely,
Quibbles find solace.

Zealous knapsack holds
Flavors of distant journeys,
Culinary tales.
2023-11-18 23:17:59,418 - display_write - INFO - Displaying text_lines (wrapped): ["In cascade's embrace,", 'Harmony dances freely,', 'Quibbles find solace.', 'Zealous knapsack holds', 'Flavors of distant', 'journeys, Culinary', 'tales.']
2023-11-18 23:18:18,939 - display_write - INFO - Displaying text (original varable):
In cascading dreams,
Harmony's gentle embrace,
Quibbles find solace.

Zealous heart's knapsack,
Carrying hopes and desires,
Journey's endless path.
2023-11-18 23:18:18,945 - display_write - INFO - Displaying text_lines (wrapped): ['In cascading dreams,', "Harmony's gentle", 'embrace, Quibbles find', "solace.  Zealous heart's", 'knapsack, Carrying hopes', "and desires, Journey's", 'endless path.']
2023-11-18 23:18:27,309 - display_write - INFO - Displaying text (original varable):
Serendipity's dance,
Cascade of whimsical dreams,
Labyrinth's quintessence.
2023-11-18 23:18:27,314 - display_write - INFO - Displaying text_lines (wrapped): ["Serendipity's dance,", 'Cascade of whimsical', "dreams, Labyrinth's", 'quintessence.']
2023-11-18 23:18:35,300 - display_write - INFO - Displaying text (original varable):
In cascading dreams,
Harmony's gentle ripple,
Quibbles find solace. 

Zealous heart's knapsack,
Carrying hopes and desires,
Journey's endless path.
2023-11-18 23:18:35,307 - display_write - INFO - Displaying text_lines (wrapped): ['In cascading dreams,', "Harmony's gentle ripple,", 'Quibbles find solace.', "Zealous heart's", 'knapsack, Carrying hopes', "and desires, Journey's", 'endless path.']
2023-11-18 23:19:20,187 - display_write - INFO - Displaying text (original varable):
In serendipity's
cascade, whimsical whispers
labyrinthine dance.
Quintessential truths,
veiled in shadows, softly speak
in riddles of life.
2023-11-18 23:19:20,194 - display_write - INFO - Displaying text_lines (wrapped): ["In serendipity's", 'cascade, whimsical', 'whispers labyrinthine', 'dance. Quintessential', 'truths, veiled in', 'shadows, softly speak in', 'riddles of life.']
2023-11-18 23:20:56,820 - display_write - INFO - Displaying text (original varable):
In serendipity's
cascade, whimsical desires
labyrinthine dance.
Quintessential quest,
boundless hunger for excess,
yearning for the stars.
2023-11-18 23:20:56,826 - display_write - INFO - Displaying text_lines (wrapped): ["In serendipity's", 'cascade, whimsical', 'desires labyrinthine', 'dance. Quintessential', 'quest, boundless hunger', 'for excess, yearning for', 'the stars.']
2023-11-18 23:21:34,028 - display_write - INFO - Displaying text (original varable):
In cascading dreams,
Harmony dances softly,
Quibbles fade away.

Zealous whispers speak,
A knapsack of secrets held,
Shadows find solace.
2023-11-18 23:21:34,035 - display_write - INFO - Displaying text_lines (wrapped): ['In cascading dreams,', 'Harmony dances softly,', 'Quibbles fade away.', 'Zealous whispers speak,', 'A knapsack of secrets', 'held, Shadows find', 'solace.']
2023-11-18 23:26:32,990 - display_write - INFO - Displaying text (original varable):
HELLO? HELLO? HELLO?       HELLO! HELLO! HELLO!      HELLO! HELLO! HELLO!
2023-11-18 23:26:32,996 - display_write - INFO - Displaying text_lines (wrapped): ['HELLO? HELLO? HELLO?', 'HELLO! HELLO! HELLO!', 'HELLO! HELLO! HELLO!']
2023-11-18 23:26:38,410 - display_write - INFO - Displaying text (original varable):
Hello hello hello hello hello hello hello hello hello hello hello hello hello hello hello hello hello hello hello hello hello hello hello hello hello  
2023-11-18 23:26:38,413 - display_write - INFO - Displaying text_lines (wrapped): ['Hello hello hello hello', 'hello hello hello hello', 'hello hello hello hello', 'hello hello hello hello', 'hello hello hello hello', 'hello hello hello hello', 'hello']
2023-11-18 23:26:40,602 - display_write - INFO - Displaying text (original varable):
                         I'm so excited :)                          
2023-11-18 23:26:40,608 - display_write - INFO - Displaying text_lines (wrapped): [" I'm so excited :)"]
2023-11-18 23:26:44,062 - display_write - INFO - Displaying text (original varable):
"Step into this realm of words, where musings dance and thoughts ignite, where rhyme and rhythm intertwine, and poetry's secrets shall be thine."
2023-11-18 23:26:44,066 - display_write - INFO - Displaying text_lines (wrapped): ['"Step into this realm of', 'words, where musings', 'dance and thoughts', 'ignite, where rhyme and', 'rhythm intertwine, and', "poetry's secrets shall", 'be thine."']
2023-11-18 23:27:46,808 - display_write - INFO - Displaying text (original varable):
Serendipity's dance,
Whimsical cascade of dreams,
Nebulous zephyr.
2023-11-18 23:27:46,812 - display_write - INFO - Displaying text_lines (wrapped): ["Serendipity's dance,", 'Whimsical cascade of', 'dreams, Nebulous zephyr.']
2023-11-18 23:28:12,218 - display_write - INFO - Displaying text (original varable):
Serendipity's dance,
Flabbergasted hearts find solace,
Quintessence whispers.

Harbinger of joy,
Zephyr carries dreams aloft,
Nature's sweet embrace.
2023-11-18 23:28:12,225 - display_write - INFO - Displaying text_lines (wrapped): ["Serendipity's dance,", 'Flabbergasted hearts', 'find solace,', 'Quintessence whispers.', 'Harbinger of joy, Zephyr', 'carries dreams aloft,', "Nature's sweet embrace."]
2023-11-18 23:28:23,252 - display_write - INFO - Displaying text (original varable):
Code's ephemeral,
Cascade of logic entwined,
Labyrinth of bytes.

Serendipity,
Quixotic nature's dance,
Merge in lines of code.
2023-11-18 23:28:23,259 - display_write - INFO - Displaying text_lines (wrapped): ["Code's ephemeral,", 'Cascade of logic', 'entwined, Labyrinth of', 'bytes.  Serendipity,', "Quixotic nature's dance,", 'Merge in lines of code.']
2023-11-18 23:28:35,089 - display_write - INFO - Displaying text (original varable):
In cascade's embrace,
Serendipity reveals,
Flabbergasted hearts.

Quixotic dreams dance,
Nebulous illusions fade,
Whispers of shadows.
2023-11-18 23:28:35,096 - display_write - INFO - Displaying text_lines (wrapped): ["In cascade's embrace,", 'Serendipity reveals,', 'Flabbergasted hearts.', 'Quixotic dreams dance,', 'Nebulous illusions fade,', 'Whispers of shadows.']
2023-11-18 23:28:50,249 - display_write - INFO - Displaying text (original varable):
Twilight cascades near,
Enigmas whisper in shadows,
Whistle of marigold.
2023-11-18 23:28:50,263 - display_write - INFO - Displaying text_lines (wrapped): ['Twilight cascades near,', 'Enigmas whisper in', 'shadows, Whistle of', 'marigold.']
2023-11-18 23:30:44,156 - display_write - INFO - Displaying text (original varable):
Whispers cascade soft,
Enigma dances, unfolds,
Vortex of the mind.

In harmonic sway,
Meanings fluctuate, evolve,
Shadows find their voice.
2023-11-18 23:30:44,163 - display_write - INFO - Displaying text_lines (wrapped): ['Whispers cascade soft,', 'Enigma dances, unfolds,', 'Vortex of the mind.  In', 'harmonic sway, Meanings', 'fluctuate, evolve,', 'Shadows find their', 'voice.']
2023-11-18 23:35:53,065 - display_write - INFO - Displaying text (original varable):
Whimsical night falls,
Traverse dark with lantern glow,
Silent threats haunt paths.
2023-11-18 23:35:53,069 - display_write - INFO - Displaying text_lines (wrapped): ['Whimsical night falls,', 'Traverse dark with', 'lantern glow, Silent', 'threats haunt paths.']
2023-11-18 23:40:54,303 - display_write - INFO - Displaying text (original varable):
In Lux's maze, I stray,
Harmonies bind the bitter,
Gold threads lead the way.
2023-11-18 23:40:54,307 - display_write - INFO - Displaying text_lines (wrapped): ["In Lux's maze, I stray,", 'Harmonies bind the', 'bitter, Gold threads', 'lead the way.']
2023-11-18 23:41:59,527 - display_write - INFO - Displaying text (original varable):
Cascade's serenade,
Whispering to soft grey bulk,
Elephant untouched.
2023-11-18 23:41:59,532 - display_write - INFO - Displaying text_lines (wrapped): ["Cascade's serenade,", 'Whispering to soft grey', 'bulk, Elephant', 'untouched.']
2023-11-18 23:43:47,061 - display_write - INFO - Displaying text (original varable):
Panel of my mind,
Glimpse a whirl of old sorrows,
Hope dances within.
2023-11-18 23:43:47,066 - display_write - INFO - Displaying text_lines (wrapped): ['Panel of my mind,', 'Glimpse a whirl of old', 'sorrows, Hope dances', 'within.']
