2023-07-05 21:42:11,727 - main.py - INFO - Logger is set up and running.
2023-07-05 21:42:11,730 - main.py - DEBUG - running game status check....
2023-07-05 21:42:11,736 - main.py - DEBUG - reading session data from DB: 36bf055a-c10c-4ad0-bf80-d8daeec9e22c
2023-07-05 21:42:11,902 - main.py - DEBUG - Session data after read from DB - Session ID: None, Persona: None, Session State: None, Game Text: None, Entropy: None
2023-07-05 21:42:12,083 - main.py - DEBUG - starting introduction
2023-07-05 21:42:13,971 - main.py - DEBUG - poetry game intro starting now...
2023-07-05 21:48:38,711 - main.py - INFO - Logger is set up and running.
2023-07-05 21:48:38,714 - main.py - DEBUG - running game status check....
2023-07-05 21:48:38,719 - main.py - DEBUG - reading session data from DB: 36bf055a-c10c-4ad0-bf80-d8daeec9e22c
2023-07-05 21:48:38,882 - main.py - DEBUG - Session data after read from DB - Session ID: None, Persona: None, Session State: None, Game Text: None, Entropy: None
2023-07-05 21:48:39,066 - main.py - DEBUG - starting introduction
2023-07-05 21:48:40,925 - main.py - DEBUG - poetry game intro starting now...
2023-07-05 21:48:41,093 - main.py - DEBUG - Option B chosen. entropy increased by .1. Current entropy level: 0.52
2023-07-05 21:52:30,108 - main.py - INFO - Logger is set up and running.
2023-07-05 21:52:30,111 - main.py - DEBUG - running game status check....
2023-07-05 21:52:30,115 - main.py - DEBUG - reading session data from DB: 36bf055a-c10c-4ad0-bf80-d8daeec9e22c
2023-07-05 21:52:30,279 - main.py - DEBUG - Session data after read from DB - Session ID: None, Persona: None, Session State: None, Game Text: None, Entropy: None
2023-07-05 21:52:30,465 - main.py - DEBUG - starting introduction
2023-07-05 21:52:32,458 - main.py - DEBUG - poetry game intro starting now...
2023-07-05 21:52:32,627 - main.py - DEBUG - Option B chosen. entropy increased by .1. Current entropy level: 0.13
2023-07-05 21:53:18,331 - main.py - DEBUG - sent to luma
2023-07-05 21:53:18,335 - main.py - DEBUG - gametext isStep into the realm of words, where syllables dance and metaphors prance, for only the cunning and the clever shall prevail in this poetic endeavor. Welcome to the poetry game! Would you like to start?

2023-07-05 21:53:19,338 - main.py - DEBUG - running game status check....
2023-07-05 21:53:19,343 - main.py - DEBUG - reading session data from DB: 36bf055a-c10c-4ad0-bf80-d8daeec9e22c
2023-07-05 21:53:19,563 - main.py - DEBUG - Session data after read from DB - Session ID: None, Persona: None, Session State: None, Game Text: None, Entropy: None
2023-07-05 21:53:19,746 - main.py - DEBUG - starting introduction
2023-07-05 21:53:20,908 - main.py - DEBUG - poetry game intro starting now...
2023-07-05 21:53:21,122 - main.py - DEBUG - Option B chosen. entropy increased by .1. Current entropy level: 0.83
2023-07-05 21:54:06,742 - main.py - DEBUG - sent to luma
2023-07-05 21:54:06,744 - main.py - DEBUG - gametext isStep into the realm of words, where artistry intertwines with eloquence, and unleash the symphony of your poetic prowess upon this humble stage. Welcome to the poetry game! Would you like to start?

2023-07-05 21:54:07,747 - main.py - DEBUG - running game status check....
2023-07-05 21:54:07,756 - main.py - DEBUG - reading session data from DB: 36bf055a-c10c-4ad0-bf80-d8daeec9e22c
2023-07-05 21:54:07,957 - main.py - DEBUG - Session data after read from DB - Session ID: None, Persona: None, Session State: None, Game Text: None, Entropy: None
2023-07-05 21:54:08,138 - main.py - DEBUG - starting introduction
2023-07-05 21:54:09,497 - main.py - DEBUG - poetry game intro starting now...
2023-07-05 21:54:09,672 - main.py - DEBUG - Option B chosen. entropy increased by .1. Current entropy level: 0.85
2023-07-05 21:54:55,323 - main.py - DEBUG - sent to luma
2023-07-05 21:54:55,324 - main.py - DEBUG - gametext isStep into the realm of words, where mere mortals dance with the divine, and let your verses be judged by the whims of the poetic elite. Welcome to the poetry game! Would you like to start?

2023-07-05 21:54:56,327 - main.py - DEBUG - running game status check....
2023-07-05 21:54:56,333 - main.py - DEBUG - reading session data from DB: 36bf055a-c10c-4ad0-bf80-d8daeec9e22c
2023-07-05 21:54:56,528 - main.py - DEBUG - Session data after read from DB - Session ID: None, Persona: None, Session State: None, Game Text: None, Entropy: None
2023-07-05 21:54:56,709 - main.py - DEBUG - starting introduction
2023-07-05 21:54:58,392 - main.py - DEBUG - poetry game intro starting now...
2023-07-05 21:54:58,566 - main.py - DEBUG - Option B chosen. entropy increased by .1. Current entropy level: 0.70
2023-07-05 21:55:44,223 - main.py - DEBUG - sent to luma
2023-07-05 21:55:44,224 - main.py - DEBUG - gametext isStep into the realm of words, where metaphors dance and verses sing, but beware, for only the most cunning and eloquent shall triumph in this poetic game. Welcome to the poetry game! Would you like to start?

2023-07-05 21:55:45,227 - main.py - DEBUG - running game status check....
2023-07-05 21:55:45,232 - main.py - DEBUG - reading session data from DB: 36bf055a-c10c-4ad0-bf80-d8daeec9e22c
2023-07-05 21:55:45,419 - main.py - DEBUG - Session data after read from DB - Session ID: None, Persona: None, Session State: None, Game Text: None, Entropy: None
2023-07-05 21:55:45,619 - main.py - DEBUG - starting introduction
2023-07-05 21:55:47,338 - main.py - DEBUG - poetry game intro starting now...
2023-07-05 21:55:47,503 - main.py - DEBUG - Option B chosen. entropy increased by .1. Current entropy level: 0.29
2023-07-05 21:56:33,215 - main.py - DEBUG - sent to luma
2023-07-05 21:56:33,216 - main.py - DEBUG - gametext isStep into the realm of words, where verses dance and stanzas sing, and let your poetic prowess be put to the test, if you dare. Welcome to the poetry game! Would you like to start?

2023-07-05 21:56:34,220 - main.py - DEBUG - running game status check....
2023-07-05 21:56:34,225 - main.py - DEBUG - reading session data from DB: 36bf055a-c10c-4ad0-bf80-d8daeec9e22c
2023-07-05 21:56:34,418 - main.py - DEBUG - Session data after read from DB - Session ID: None, Persona: None, Session State: None, Game Text: None, Entropy: None
2023-07-05 21:56:34,601 - main.py - DEBUG - starting introduction
2023-07-05 21:56:35,864 - main.py - DEBUG - poetry game intro starting now...
2023-07-05 21:56:36,025 - main.py - DEBUG - Option B chosen. entropy increased by .1. Current entropy level: 0.73
2023-07-05 21:57:21,684 - main.py - DEBUG - sent to luma
2023-07-05 21:57:21,685 - main.py - DEBUG - gametext isOh, seeker of verse, prepare to be humbled by the intricacies of this poetic game, where words dance and emotions take shape. Welcome to the poetry game! Would you like to start?

2023-07-05 21:57:22,689 - main.py - DEBUG - running game status check....
2023-07-05 21:57:22,694 - main.py - DEBUG - reading session data from DB: 36bf055a-c10c-4ad0-bf80-d8daeec9e22c
2023-07-05 21:57:22,889 - main.py - DEBUG - Session data after read from DB - Session ID: None, Persona: None, Session State: None, Game Text: None, Entropy: None
2023-07-05 21:57:23,070 - main.py - DEBUG - starting introduction
2023-07-05 21:57:25,022 - main.py - DEBUG - poetry game intro starting now...
2023-07-05 21:57:25,196 - main.py - DEBUG - Option B chosen. entropy increased by .1. Current entropy level: 0.77
2023-07-05 22:06:31,039 - main.py - INFO - Logger is set up and running.
2023-07-05 22:06:31,052 - main.py - DEBUG - running game status check....
2023-07-05 22:06:31,057 - main.py - DEBUG - reading session data from DB: 36bf055a-c10c-4ad0-bf80-d8daeec9e22c
2023-07-05 22:06:31,221 - main.py - DEBUG - Session data after read from DB - Session ID: None, Persona: None, Session State: None, Game Text: None, Entropy: None
2023-07-05 22:06:31,404 - main.py - DEBUG - starting introduction
2023-07-05 22:06:59,127 - main.py - INFO - Logger is set up and running.
2023-07-05 22:06:59,130 - main.py - DEBUG - running game status check....
2023-07-05 22:06:59,134 - main.py - DEBUG - reading session data from DB: 36bf055a-c10c-4ad0-bf80-d8daeec9e22c
2023-07-05 22:06:59,298 - main.py - DEBUG - Session data after read from DB - Session ID: None, Persona: None, Session State: None, Game Text: None, Entropy: None
2023-07-05 22:06:59,478 - main.py - DEBUG - starting introduction
2023-07-05 22:20:59,319 - main.py - INFO - Logger is set up and running.
2023-07-05 22:20:59,323 - main.py - DEBUG - running game status check....
2023-07-05 22:20:59,327 - main.py - DEBUG - reading session data from DB: 36bf055a-c10c-4ad0-bf80-d8daeec9e22c
2023-07-05 22:20:59,491 - main.py - DEBUG - Session data after read from DB - Session ID: None, Persona: None, Session State: None, Game Text: None, Entropy: None
2023-07-05 22:20:59,674 - main.py - DEBUG - starting introduction
2023-07-05 22:21:57,213 - main.py - INFO - Logger is set up and running.
2023-07-05 22:21:57,216 - main.py - DEBUG - running game status check....
2023-07-05 22:21:57,221 - main.py - DEBUG - reading session data from DB: 36bf055a-c10c-4ad0-bf80-d8daeec9e22c
2023-07-05 22:21:57,385 - main.py - DEBUG - Session data after read from DB - Session ID: None, Persona: None, Session State: None, Game Text: None, Entropy: None
2023-07-05 22:21:57,599 - main.py - DEBUG - starting introduction
2023-07-05 22:25:45,147 - main.py - INFO - Logger is set up and running.
2023-07-05 22:25:45,151 - main.py - DEBUG - running game status check....
2023-07-05 22:25:45,155 - main.py - DEBUG - reading session data from DB: 36bf055a-c10c-4ad0-bf80-d8daeec9e22c
2023-07-05 22:25:45,321 - main.py - DEBUG - Session data after read from DB - Session ID: None, Persona: None, Session State: None, Game Text: None, Entropy: None
2023-07-05 22:25:45,508 - main.py - DEBUG - starting introduction
2023-07-05 22:28:40,434 - main.py - INFO - Logger is set up and running.
2023-07-05 22:28:40,437 - main.py - DEBUG - running game status check....
2023-07-05 22:28:40,442 - main.py - DEBUG - reading session data from DB: 36bf055a-c10c-4ad0-bf80-d8daeec9e22c
2023-07-05 22:28:40,606 - main.py - DEBUG - Session data after read from DB - Session ID: None, Persona: None, Session State: None, Game Text: None, Entropy: None
2023-07-05 22:28:40,790 - main.py - DEBUG - starting introduction
2023-07-05 22:31:43,716 - main.py - INFO - Logger is set up and running.
2023-07-05 22:31:43,720 - main.py - DEBUG - running game status check....
2023-07-05 22:31:43,724 - main.py - DEBUG - reading session data from DB: 36bf055a-c10c-4ad0-bf80-d8daeec9e22c
2023-07-05 22:31:43,888 - main.py - DEBUG - Session data after read from DB - Session ID: None, Persona: None, Session State: None, Game Text: None, Entropy: None
2023-07-05 22:31:44,067 - main.py - DEBUG - starting introduction
2023-07-05 22:37:09,066 - main.py - INFO - Logger is set up and running.
2023-07-05 22:37:09,069 - main.py - DEBUG - running game status check....
2023-07-05 22:37:09,074 - main.py - DEBUG - reading session data from DB: 36bf055a-c10c-4ad0-bf80-d8daeec9e22c
2023-07-05 22:37:09,238 - main.py - DEBUG - Session data after read from DB - Session ID: None, Persona: None, Session State: None, Game Text: None, Entropy: None
2023-07-05 22:37:09,421 - main.py - DEBUG - starting introduction
2023-07-05 22:37:59,764 - main.py - INFO - Logger is set up and running.
2023-07-05 22:37:59,767 - main.py - DEBUG - running game status check....
2023-07-05 22:37:59,772 - main.py - DEBUG - reading session data from DB: 36bf055a-c10c-4ad0-bf80-d8daeec9e22c
2023-07-05 22:37:59,937 - main.py - DEBUG - Session data after read from DB - Session ID: None, Persona: None, Session State: None, Game Text: None, Entropy: None
2023-07-05 22:38:00,121 - main.py - DEBUG - starting introduction
2023-07-05 22:38:09,480 - main.py - DEBUG - opening text written to luma
2023-07-05 22:39:06,233 - main.py - INFO - Logger is set up and running.
2023-07-05 22:39:06,236 - main.py - DEBUG - running game status check....
2023-07-05 22:39:06,241 - main.py - DEBUG - reading session data from DB: 36bf055a-c10c-4ad0-bf80-d8daeec9e22c
2023-07-05 22:39:06,405 - main.py - DEBUG - Session data after read from DB - Session ID: None, Persona: None, Session State: None, Game Text: None, Entropy: None
2023-07-05 22:39:06,727 - main.py - DEBUG - starting introduction
2023-07-05 22:39:16,118 - main.py - DEBUG - opening text written to luma
2023-07-05 22:40:03,434 - main.py - INFO - Logger is set up and running.
2023-07-05 22:40:03,437 - main.py - DEBUG - running game status check....
2023-07-05 22:40:03,441 - main.py - DEBUG - reading session data from DB: 36bf055a-c10c-4ad0-bf80-d8daeec9e22c
2023-07-05 22:40:03,606 - main.py - DEBUG - Session data after read from DB - Session ID: None, Persona: None, Session State: None, Game Text: None, Entropy: None
2023-07-05 22:40:03,787 - main.py - DEBUG - starting introduction
2023-07-05 22:40:13,703 - main.py - DEBUG - opening text written to luma
2023-07-05 22:42:37,534 - main.py - INFO - Logger is set up and running.
2023-07-05 22:42:37,549 - main.py - DEBUG - running game status check....
2023-07-05 22:42:37,553 - main.py - DEBUG - reading session data from DB: 36bf055a-c10c-4ad0-bf80-d8daeec9e22c
2023-07-05 22:42:37,718 - main.py - DEBUG - Session data after read from DB - Session ID: None, Persona: None, Session State: None, Game Text: None, Entropy: None
2023-07-05 22:42:37,897 - main.py - DEBUG - starting introduction
2023-07-05 22:44:50,254 - main.py - INFO - Logger is set up and running.
2023-07-05 22:44:50,257 - main.py - DEBUG - running game status check....
2023-07-05 22:44:50,262 - main.py - DEBUG - reading session data from DB: 36bf055a-c10c-4ad0-bf80-d8daeec9e22c
2023-07-05 22:44:50,427 - main.py - DEBUG - Session data after read from DB - Session ID: None, Persona: None, Session State: None, Game Text: None, Entropy: None
2023-07-05 22:44:50,616 - main.py - DEBUG - starting introduction
2023-07-05 22:45:00,550 - main.py - DEBUG - opening text written to luma
2023-07-05 22:47:33,751 - main.py - INFO - Logger is set up and running.
2023-07-05 22:47:33,762 - main.py - DEBUG - running game status check....
2023-07-05 22:47:33,767 - main.py - DEBUG - reading session data from DB: 36bf055a-c10c-4ad0-bf80-d8daeec9e22c
2023-07-05 22:47:33,932 - main.py - DEBUG - Session data after read from DB - Session ID: None, Persona: None, Session State: None, Game Text: None, Entropy: None
2023-07-05 22:47:34,113 - main.py - DEBUG - starting introduction
2023-07-05 22:47:44,047 - main.py - DEBUG - opening text written to luma
2023-07-05 22:48:43,609 - main.py - INFO - Logger is set up and running.
2023-07-05 22:48:43,613 - main.py - DEBUG - running game status check....
2023-07-05 22:48:43,617 - main.py - DEBUG - reading session data from DB: 36bf055a-c10c-4ad0-bf80-d8daeec9e22c
2023-07-05 22:48:43,781 - main.py - DEBUG - Session data after read from DB - Session ID: None, Persona: None, Session State: None, Game Text: None, Entropy: None
2023-07-05 22:48:43,964 - main.py - DEBUG - starting introduction
2023-07-05 22:48:53,874 - main.py - DEBUG - opening text written to luma
2023-07-05 22:48:55,554 - main.py - DEBUG - poetry game intro starting now...
2023-07-05 22:48:55,714 - main.py - DEBUG - Option B chosen. entropy increased by .1. Current entropy level: 0.28
2023-07-05 22:49:29,318 - main.py - INFO - Logger is set up and running.
2023-07-05 22:49:29,322 - main.py - DEBUG - running game status check....
2023-07-05 22:49:29,326 - main.py - DEBUG - reading session data from DB: 36bf055a-c10c-4ad0-bf80-d8daeec9e22c
2023-07-05 22:49:29,489 - main.py - DEBUG - Session data after read from DB - Session ID: None, Persona: None, Session State: None, Game Text: None, Entropy: None
2023-07-05 22:49:29,671 - main.py - DEBUG - starting introduction
2023-07-05 22:49:39,634 - main.py - DEBUG - opening text written to luma
2023-07-05 22:49:56,633 - main.py - INFO - Logger is set up and running.
2023-07-05 22:49:56,636 - main.py - DEBUG - running game status check....
2023-07-05 22:49:56,641 - main.py - DEBUG - reading session data from DB: 36bf055a-c10c-4ad0-bf80-d8daeec9e22c
2023-07-05 22:49:56,805 - main.py - DEBUG - Session data after read from DB - Session ID: None, Persona: None, Session State: None, Game Text: None, Entropy: None
2023-07-05 22:49:56,986 - main.py - DEBUG - starting introduction
2023-07-05 22:50:06,964 - main.py - DEBUG - opening text written to luma
2023-07-05 22:50:09,021 - main.py - DEBUG - poetry game intro starting now...
2023-07-05 22:50:09,181 - main.py - DEBUG - Option B chosen. entropy increased by .1. Current entropy level: 0.69
2023-07-05 22:50:39,554 - main.py - DEBUG - sent to luma
2023-07-05 22:50:39,555 - main.py - DEBUG - gametext isOh prodigious soul hath ventured near, to delve into the realm of poetry's insight clear.
2023-07-05 22:50:40,558 - main.py - DEBUG - running game status check....
2023-07-05 22:50:40,564 - main.py - DEBUG - reading session data from DB: 36bf055a-c10c-4ad0-bf80-d8daeec9e22c
2023-07-05 22:50:40,761 - main.py - DEBUG - Session data after read from DB - Session ID: None, Persona: None, Session State: None, Game Text: None, Entropy: None
2023-07-05 22:50:40,941 - main.py - DEBUG - starting introduction
2023-07-05 22:50:50,974 - main.py - DEBUG - opening text written to luma
2023-07-05 22:50:52,122 - main.py - DEBUG - poetry game intro starting now...
2023-07-05 22:50:52,281 - main.py - DEBUG - Option B chosen. entropy increased by .1. Current entropy level: 0.67
2023-07-05 22:52:37,832 - main.py - INFO - Logger is set up and running.
2023-07-05 22:52:37,838 - main.py - DEBUG - running game status check....
2023-07-05 22:52:37,845 - main.py - DEBUG - reading session data from DB: 36bf055a-c10c-4ad0-bf80-d8daeec9e22c
2023-07-05 22:52:38,012 - main.py - DEBUG - Session data after read from DB - Session ID: None, Persona: None, Session State: None, Game Text: None, Entropy: None
2023-07-05 22:52:38,211 - main.py - DEBUG - starting introduction
2023-07-05 22:52:48,273 - main.py - DEBUG - opening text written to luma
2023-07-05 22:52:50,447 - main.py - DEBUG - poetry game intro starting now...
2023-07-05 22:52:50,718 - main.py - DEBUG - Option B chosen. entropy increased by .1. Current entropy level: 0.10
2023-07-05 22:53:08,402 - main.py - INFO - Logger is set up and running.
2023-07-05 22:53:08,405 - main.py - DEBUG - running game status check....
2023-07-05 22:53:08,409 - main.py - DEBUG - reading session data from DB: 36bf055a-c10c-4ad0-bf80-d8daeec9e22c
2023-07-05 22:53:08,573 - main.py - DEBUG - Session data after read from DB - Session ID: None, Persona: None, Session State: None, Game Text: None, Entropy: None
2023-07-05 22:53:08,782 - main.py - DEBUG - starting introduction
2023-07-05 22:53:18,805 - main.py - DEBUG - opening text written to luma
2023-07-05 22:53:21,807 - main.py - DEBUG - poetry game intro starting now...
2023-07-05 22:53:21,967 - main.py - DEBUG - Option B chosen. entropy increased by .1. Current entropy level: 0.92
2023-07-05 22:53:52,426 - main.py - INFO - Logger is set up and running.
2023-07-05 22:53:52,430 - main.py - DEBUG - running game status check....
2023-07-05 22:53:52,434 - main.py - DEBUG - reading session data from DB: 36bf055a-c10c-4ad0-bf80-d8daeec9e22c
2023-07-05 22:53:52,599 - main.py - DEBUG - Session data after read from DB - Session ID: None, Persona: None, Session State: None, Game Text: None, Entropy: None
2023-07-05 22:53:52,779 - main.py - DEBUG - starting introduction
2023-07-05 22:54:02,861 - main.py - DEBUG - opening text written to luma
2023-07-05 22:54:04,735 - main.py - DEBUG - poetry game intro starting now...
2023-07-05 22:54:04,906 - main.py - DEBUG - Option B chosen. entropy increased by .1. Current entropy level: 0.55
2023-07-05 22:54:40,143 - main.py - INFO - Logger is set up and running.
2023-07-05 22:54:40,146 - main.py - DEBUG - running game status check....
2023-07-05 22:54:40,150 - main.py - DEBUG - reading session data from DB: 36bf055a-c10c-4ad0-bf80-d8daeec9e22c
2023-07-05 22:54:40,314 - main.py - DEBUG - Session data after read from DB - Session ID: None, Persona: None, Session State: None, Game Text: None, Entropy: None
2023-07-05 22:54:40,494 - main.py - DEBUG - starting introduction
2023-07-05 22:54:50,448 - main.py - DEBUG - opening text written to luma
2023-07-05 22:54:52,092 - main.py - DEBUG - poetry game intro starting now...
2023-07-05 22:54:52,286 - main.py - DEBUG - Option B chosen. entropy increased by .1. Current entropy level: 0.39
2023-07-05 22:57:34,658 - main.py - INFO - Logger is set up and running.
2023-07-05 22:57:34,669 - main.py - DEBUG - running game status check....
2023-07-05 22:57:34,675 - main.py - DEBUG - reading session data from DB: 36bf055a-c10c-4ad0-bf80-d8daeec9e22c
2023-07-05 22:57:34,839 - main.py - DEBUG - Session data after read from DB - Session ID: None, Persona: None, Session State: None, Game Text: None, Entropy: None
2023-07-05 22:57:35,021 - main.py - DEBUG - starting introduction
2023-07-05 22:57:45,043 - main.py - DEBUG - opening text written to luma
2023-07-05 22:57:46,869 - main.py - DEBUG - poetry game intro starting now...
2023-07-05 22:57:47,030 - main.py - DEBUG - Option B chosen. entropy increased by .1. Current entropy level: 0.62
2023-07-06 20:31:03,587 - main.py - INFO - Logger is set up and running.
2023-07-06 20:31:03,590 - main.py - DEBUG - running game status check....
2023-07-06 20:31:03,595 - main.py - DEBUG - reading session data from DB: c6d5c323-0448-4020-babc-3c634074c780
2023-07-06 20:31:03,876 - main.py - DEBUG - Session data after read from DB - Session ID: None, Persona: None, Session State: None, Game Text: None, Entropy: None
2023-07-06 20:31:04,066 - main.py - DEBUG - starting introduction
2023-07-06 20:31:14,098 - main.py - DEBUG - opening text written to luma
2023-07-06 20:31:15,551 - main.py - DEBUG - poetry game intro starting now...
2023-07-06 20:31:15,714 - main.py - DEBUG - Option B chosen. entropy increased by .1. Current entropy level: 0.69
2023-07-06 20:31:34,622 - main.py - INFO - Logger is set up and running.
2023-07-06 20:31:34,633 - main.py - DEBUG - running game status check....
2023-07-06 20:31:34,638 - main.py - DEBUG - reading session data from DB: c6d5c323-0448-4020-babc-3c634074c780
2023-07-06 20:31:34,802 - main.py - DEBUG - Session data after read from DB - Session ID: None, Persona: None, Session State: None, Game Text: None, Entropy: None
2023-07-06 20:31:34,984 - main.py - DEBUG - starting introduction
2023-07-06 20:31:44,957 - main.py - DEBUG - opening text written to luma
2023-07-06 20:31:46,399 - main.py - DEBUG - poetry game intro starting now...
2023-07-06 20:31:46,572 - main.py - DEBUG - Option B chosen. entropy increased by .1. Current entropy level: 0.20
2023-07-06 20:46:02,046 - main.py - INFO - Logger is set up and running.
2023-07-06 20:46:02,049 - main.py - DEBUG - running game status check....
2023-07-06 20:46:02,054 - main.py - DEBUG - reading session data from DB: c6d5c323-0448-4020-babc-3c634074c780
2023-07-06 20:46:02,218 - main.py - DEBUG - Session data after read from DB - Session ID: None, Persona: None, Session State: None, Game Text: None, Entropy: None
2023-07-06 20:46:02,400 - main.py - DEBUG - starting introduction
2023-07-06 20:46:20,597 - main.py - DEBUG - opening text written to luma
2023-07-06 20:46:22,545 - main.py - DEBUG - poetry game intro starting now...
2023-07-06 20:46:22,707 - main.py - DEBUG - Option B chosen. entropy increased by .1. Current entropy level: 0.50
2023-07-06 20:47:23,308 - main.py - DEBUG - sent to luma
2023-07-06 20:47:23,315 - main.py - DEBUG - gametext is"Oh humble soul, prepare thyself for the realms of poetic prowess, where words dance and emotions soar, for in this game of verse, thou shalt embark upon a journey of literary delight."
2023-07-06 20:47:24,318 - main.py - DEBUG - running game status check....
2023-07-06 20:47:24,325 - main.py - DEBUG - reading session data from DB: c6d5c323-0448-4020-babc-3c634074c780
2023-07-06 20:47:24,583 - main.py - DEBUG - Session data after read from DB - Session ID: None, Persona: None, Session State: None, Game Text: None, Entropy: None
2023-07-06 20:47:24,824 - main.py - DEBUG - starting introduction
2023-07-06 20:47:43,041 - main.py - DEBUG - opening text written to luma
2023-07-06 20:47:43,968 - main.py - DEBUG - poetry game intro starting now...
2023-07-06 20:47:44,142 - main.py - DEBUG - Option B chosen. entropy increased by .1. Current entropy level: 0.69
2023-07-06 20:48:11,317 - main.py - INFO - Logger is set up and running.
2023-07-06 20:48:11,321 - main.py - DEBUG - running game status check....
2023-07-06 20:48:11,327 - main.py - DEBUG - reading session data from DB: c6d5c323-0448-4020-babc-3c634074c780
2023-07-06 20:48:11,498 - main.py - DEBUG - Session data after read from DB - Session ID: None, Persona: None, Session State: None, Game Text: None, Entropy: None
2023-07-06 20:48:11,727 - main.py - DEBUG - starting introduction
2023-07-06 20:48:20,893 - main.py - DEBUG - opening text written to luma
2023-07-06 20:48:22,487 - main.py - DEBUG - poetry game intro starting now...
2023-07-06 20:48:22,738 - main.py - DEBUG - Option B chosen. entropy increased by .1. Current entropy level: 0.44
2023-07-06 20:50:26,377 - main.py - INFO - Logger is set up and running.
2023-07-06 20:50:26,381 - main.py - DEBUG - running game status check....
2023-07-06 20:50:26,387 - main.py - DEBUG - reading session data from DB: c6d5c323-0448-4020-babc-3c634074c780
2023-07-06 20:50:26,552 - main.py - DEBUG - Session data after read from DB - Session ID: None, Persona: None, Session State: None, Game Text: None, Entropy: None
2023-07-06 20:50:26,736 - main.py - DEBUG - starting introduction
2023-07-06 20:50:41,912 - main.py - DEBUG - opening text written to luma
2023-07-06 20:50:43,399 - main.py - DEBUG - poetry game intro starting now...
2023-07-06 20:50:43,562 - main.py - DEBUG - Option B chosen. entropy increased by .1. Current entropy level: 0.49
2023-07-06 20:52:01,436 - main.py - INFO - Logger is set up and running.
2023-07-06 20:52:01,441 - main.py - DEBUG - running game status check....
2023-07-06 20:52:01,446 - main.py - DEBUG - reading session data from DB: c6d5c323-0448-4020-babc-3c634074c780
2023-07-06 20:52:01,612 - main.py - DEBUG - Session data after read from DB - Session ID: None, Persona: None, Session State: None, Game Text: None, Entropy: None
2023-07-06 20:52:01,803 - main.py - DEBUG - starting introduction
2023-07-06 20:52:32,896 - main.py - INFO - Logger is set up and running.
2023-07-06 20:52:32,901 - main.py - DEBUG - running game status check....
2023-07-06 20:52:32,906 - main.py - DEBUG - reading session data from DB: c6d5c323-0448-4020-babc-3c634074c780
2023-07-06 20:52:33,072 - main.py - DEBUG - Session data after read from DB - Session ID: None, Persona: None, Session State: None, Game Text: None, Entropy: None
2023-07-06 20:52:33,255 - main.py - DEBUG - starting introduction
2023-07-06 20:53:09,058 - main.py - INFO - Logger is set up and running.
2023-07-06 20:53:09,062 - main.py - DEBUG - running game status check....
2023-07-06 20:53:09,067 - main.py - DEBUG - reading session data from DB: c6d5c323-0448-4020-babc-3c634074c780
2023-07-06 20:53:09,235 - main.py - DEBUG - Session data after read from DB - Session ID: None, Persona: None, Session State: None, Game Text: None, Entropy: None
2023-07-06 20:53:09,419 - main.py - DEBUG - starting introduction
2023-07-06 20:54:56,382 - main.py - INFO - Logger is set up and running.
2023-07-06 20:54:56,386 - main.py - DEBUG - running game status check....
2023-07-06 20:54:56,391 - main.py - DEBUG - reading session data from DB: c6d5c323-0448-4020-babc-3c634074c780
2023-07-06 20:54:56,557 - main.py - DEBUG - Session data after read from DB - Session ID: None, Persona: None, Session State: None, Game Text: None, Entropy: None
2023-07-06 20:54:56,774 - main.py - DEBUG - starting introduction
2023-07-06 20:55:11,949 - main.py - DEBUG - opening text written to luma
2023-07-06 20:55:13,303 - main.py - DEBUG - poetry game intro starting now...
2023-07-06 20:55:13,500 - main.py - DEBUG - Option B chosen. entropy increased by .1. Current entropy level: 0.47
