2023-07-04 02:10:25,712 - poem_gen - INFO - Logger is set up and running.
2023-07-04 02:11:59,374 - poem_gen - INFO - Logger is set up and running.
2023-07-04 02:11:59,494 - poem_gen - INFO - Logger is set up and running.
2023-07-04 02:11:59,494 - poem_gen - INFO - Logger is set up and running.
2023-07-04 02:13:01,140 - poem_gen - INFO - Logger is set up and running.
2023-07-04 02:13:01,257 - poem_gen - INFO - Logger is set up and running.
2023-07-04 02:13:01,257 - poem_gen - INFO - Logger is set up and running.
2023-07-04 02:13:44,265 - poem_gen - INFO - Logger is set up and running.
2023-07-04 02:13:44,386 - poem_gen - INFO - Logger is set up and running.
2023-07-04 02:13:44,386 - poem_gen - INFO - Logger is set up and running.
2023-07-04 02:14:39,856 - poem_gen - INFO - Logger is set up and running.
2023-07-04 02:14:39,971 - poem_gen - INFO - Logger is set up and running.
2023-07-04 02:14:39,971 - poem_gen - INFO - Logger is set up and running.
2023-07-04 02:14:49,891 - poem_gen - DEBUG - webtext words are: basketball honest up your and
2023-07-04 02:14:49,891 - poem_gen - DEBUG - webtext words are: basketball honest up your and
2023-07-04 02:37:30,580 - poem_gen - INFO - Logger is set up and running.
2023-07-04 02:37:30,714 - poem_gen - INFO - Logger is set up and running.
2023-07-04 02:37:30,714 - poem_gen - INFO - Logger is set up and running.
2023-07-04 02:40:02,253 - poem_gen - INFO - Logger is set up and running.
2023-07-04 02:40:02,373 - poem_gen - INFO - Logger is set up and running.
2023-07-04 02:40:02,373 - poem_gen - INFO - Logger is set up and running.
2023-07-04 02:43:30,267 - poem_gen - INFO - Logger is set up and running.
2023-07-04 02:43:30,384 - poem_gen - INFO - Logger is set up and running.
2023-07-04 02:43:30,384 - poem_gen - INFO - Logger is set up and running.
2023-07-04 02:48:17,671 - poem_gen - INFO - Logger is set up and running.
2023-07-04 02:48:17,788 - poem_gen - INFO - Logger is set up and running.
2023-07-04 02:48:17,788 - poem_gen - INFO - Logger is set up and running.
2023-07-04 02:48:52,582 - poem_gen - DEBUG - webtext words are: ROBIN sorry Quite his or
2023-07-04 02:48:52,582 - poem_gen - DEBUG - webtext words are: ROBIN sorry Quite his or
2023-07-04 02:53:26,036 - poem_gen - DEBUG - wordnet words are: guard guard zigzag
2023-07-04 02:53:26,036 - poem_gen - DEBUG - wordnet words are: guard guard zigzag
2023-07-04 02:53:26,097 - poem_gen - DEBUG - combined words are: ROBIN sorry Quite his or guard guard zigzag
2023-07-04 02:53:26,097 - poem_gen - DEBUG - combined words are: ROBIN sorry Quite his or guard guard zigzag
2023-07-04 02:53:28,887 - poem_gen - DEBUG - persona is: You are Edward. Edward, a world-renowned chef with a thirst for adventure, infuses his poetry with rich culinary metaphors and cultural allusions, his verses embodying the vibrant flavors and textures he experiences in his travels.
2023-07-04 02:53:28,887 - poem_gen - DEBUG - persona is: You are Edward. Edward, a world-renowned chef with a thirst for adventure, infuses his poetry with rich culinary metaphors and cultural allusions, his verses embodying the vibrant flavors and textures he experiences in his travels.
2023-07-04 02:53:28,893 - poem_gen - DEBUG - lang_device is: synecdoche
2023-07-04 02:53:28,893 - poem_gen - DEBUG - lang_device is: synecdoche
2023-07-04 02:53:28,899 - poem_gen - DEBUG - abstract_concept is: entertainment
2023-07-04 02:53:28,899 - poem_gen - DEBUG - abstract_concept is: entertainment
2023-07-04 02:53:28,905 - poem_gen - DEBUG - randomness factor is: 0.5
2023-07-04 02:53:28,905 - poem_gen - DEBUG - randomness factor is: 0.5
2023-07-04 02:53:28,911 - poem_gen - DEBUG - ==========================
2023-07-04 02:53:28,911 - poem_gen - DEBUG - ==========================
2023-07-04 02:53:28,916 - poem_gen - DEBUG - creative_starting_prompt: Robin quit his guard duty due to an unexpected zigzag.
2023-07-04 02:53:28,916 - poem_gen - DEBUG - creative_starting_prompt: Robin quit his guard duty due to an unexpected zigzag.
2023-07-04 02:53:28,923 - poem_gen - DEBUG - creative_prompt: Robin quit his guard duty due to an unexpected zigzag.
2023-07-04 02:53:28,923 - poem_gen - DEBUG - creative_prompt: Robin quit his guard duty due to an unexpected zigzag.
2023-07-04 02:53:29,855 - poem_gen - DEBUG - step_1_poem: Vigilant Robin,
Unexpected zigzag breaks,
Guard duty released.
2023-07-04 02:53:29,855 - poem_gen - DEBUG - step_1_poem: Vigilant Robin,
Unexpected zigzag breaks,
Guard duty released.
2023-07-04 02:53:30,856 - poem_gen - DEBUG - step_2_poem: Entertainment unfolds,
Like a vigilant robin's dance.
Unexpected zigzag steps,
Release guard duty's trance.
2023-07-04 02:53:30,856 - poem_gen - DEBUG - step_2_poem: Entertainment unfolds,
Like a vigilant robin's dance.
Unexpected zigzag steps,
Release guard duty's trance.
2023-07-04 02:53:32,352 - poem_gen - DEBUG - step_3_poem: In this culinary journey of the soul,
Flavors mingle and tightly entwine.
Sweet melodies, spicy harmonies, out of control,
Entertainment unfolds, a grand vine.
2023-07-04 02:53:32,352 - poem_gen - DEBUG - step_3_poem: In this culinary journey of the soul,
Flavors mingle and tightly entwine.
Sweet melodies, spicy harmonies, out of control,
Entertainment unfolds, a grand vine.
2023-07-04 02:53:32,358 - poem_gen - DEBUG - poem result:
In this culinary journey of the soul,
Flavors mingle and tightly entwine.
Sweet melodies, spicy harmonies, out of control,
Entertainment unfolds, a grand vine.
2023-07-04 02:53:32,358 - poem_gen - DEBUG - poem result:
In this culinary journey of the soul,
Flavors mingle and tightly entwine.
Sweet melodies, spicy harmonies, out of control,
Entertainment unfolds, a grand vine.
2023-07-04 02:53:32,368 - poem_gen - DEBUG - poem_gen completed successfully
2023-07-04 02:53:32,368 - poem_gen - DEBUG - poem_gen completed successfully
2023-07-04 02:55:03,478 - poem_gen - INFO - Logger is set up and running.
2023-07-04 02:55:03,619 - poem_gen - INFO - Logger is set up and running.
2023-07-04 02:55:03,619 - poem_gen - INFO - Logger is set up and running.
2023-07-04 02:55:14,091 - poem_gen - DEBUG - webtext words are: friendship fanatical up I and
2023-07-04 02:55:14,091 - poem_gen - DEBUG - webtext words are: friendship fanatical up I and
2023-07-04 02:59:35,183 - poem_gen - DEBUG - wordnet words are: give clear congratulate
2023-07-04 02:59:35,183 - poem_gen - DEBUG - wordnet words are: give clear congratulate
2023-07-04 02:59:35,247 - poem_gen - DEBUG - combined words are: friendship fanatical up I and give clear congratulate
2023-07-04 02:59:35,247 - poem_gen - DEBUG - combined words are: friendship fanatical up I and give clear congratulate
2023-07-04 02:59:36,599 - poem_gen - DEBUG - persona is: You are Mortimer, an eccentric scientist, presenting your writings in a structured, albeit unpredictable manner. Your prose, rich with the motifs of innovation and chaos, embodies your passion for scientific discovery as well as your nonchalance towards the disorder left in your wake. Your writings often culminate in a profound sense of detachment, a testament to your aloof and peculiar character.
2023-07-04 02:59:36,599 - poem_gen - DEBUG - persona is: You are Mortimer, an eccentric scientist, presenting your writings in a structured, albeit unpredictable manner. Your prose, rich with the motifs of innovation and chaos, embodies your passion for scientific discovery as well as your nonchalance towards the disorder left in your wake. Your writings often culminate in a profound sense of detachment, a testament to your aloof and peculiar character.
2023-07-04 02:59:36,602 - poem_gen - DEBUG - lang_device is: anachronism
2023-07-04 02:59:36,602 - poem_gen - DEBUG - lang_device is: anachronism
2023-07-04 02:59:36,604 - poem_gen - DEBUG - abstract_concept is: contentment
2023-07-04 02:59:36,604 - poem_gen - DEBUG - abstract_concept is: contentment
2023-07-04 02:59:36,606 - poem_gen - DEBUG - randomness factor is: 0.5
2023-07-04 02:59:36,606 - poem_gen - DEBUG - randomness factor is: 0.5
2023-07-04 02:59:36,609 - poem_gen - DEBUG - ==========================
2023-07-04 02:59:36,609 - poem_gen - DEBUG - ==========================
2023-07-04 02:59:36,611 - poem_gen - DEBUG - creative_starting_prompt: I congratulate and give clear friendship.
2023-07-04 02:59:36,611 - poem_gen - DEBUG - creative_starting_prompt: I congratulate and give clear friendship.
2023-07-04 02:59:36,613 - poem_gen - DEBUG - creative_prompt: I congratulate and give clear friendship.
2023-07-04 02:59:36,613 - poem_gen - DEBUG - creative_prompt: I congratulate and give clear friendship.
2023-07-04 02:59:37,978 - poem_gen - DEBUG - step_1_poem: Invention's embrace,
Congratulate, clear friendship,
Worlds collide, sparks grace.
2023-07-04 02:59:37,978 - poem_gen - DEBUG - step_1_poem: Invention's embrace,
Congratulate, clear friendship,
Worlds collide, sparks grace.
2023-07-04 02:59:39,545 - poem_gen - DEBUG - step_2_poem: From Invention's embrace, contentment births,
Congratulate the harmony it unearthed.
Worlds collide, yet sparks of peace grace,
Clear friendship, leading to tranquil space.
2023-07-04 02:59:39,545 - poem_gen - DEBUG - step_2_poem: From Invention's embrace, contentment births,
Congratulate the harmony it unearthed.
Worlds collide, yet sparks of peace grace,
Clear friendship, leading to tranquil space.
2023-07-04 02:59:40,839 - poem_gen - DEBUG - step_3_poem: Invention's cradle births tranquility,
Harmony unearths contentment's glee.
Worlds in collision, sparks ablaze,
Peace graced, friendship's tranquil haze.
2023-07-04 02:59:40,839 - poem_gen - DEBUG - step_3_poem: Invention's cradle births tranquility,
Harmony unearths contentment's glee.
Worlds in collision, sparks ablaze,
Peace graced, friendship's tranquil haze.
2023-07-04 02:59:40,848 - poem_gen - DEBUG - poem result:
Invention's cradle births tranquility,
Harmony unearths contentment's glee.
Worlds in collision, sparks ablaze,
Peace graced, friendship's tranquil haze.
2023-07-04 02:59:40,848 - poem_gen - DEBUG - poem result:
Invention's cradle births tranquility,
Harmony unearths contentment's glee.
Worlds in collision, sparks ablaze,
Peace graced, friendship's tranquil haze.
2023-07-04 02:59:40,854 - poem_gen - DEBUG - poem_gen completed successfully
2023-07-04 02:59:40,854 - poem_gen - DEBUG - poem_gen completed successfully
2023-07-04 03:11:24,218 - poem_gen - INFO - Logger is set up and running.
2023-07-04 03:11:24,353 - poem_gen - INFO - Logger is set up and running.
2023-07-04 03:11:24,353 - poem_gen - INFO - Logger is set up and running.
2023-07-04 03:13:20,938 - poem_gen - INFO - Logger is set up and running.
2023-07-04 03:13:21,057 - poem_gen - INFO - Logger is set up and running.
2023-07-04 03:13:21,057 - poem_gen - INFO - Logger is set up and running.
2023-07-04 03:14:13,338 - poem_gen - INFO - Logger is set up and running.
2023-07-04 03:14:13,453 - poem_gen - INFO - Logger is set up and running.
2023-07-04 03:14:13,453 - poem_gen - INFO - Logger is set up and running.
2023-07-04 03:14:42,957 - poem_gen - DEBUG - webtext words are: radio able Well it And
2023-07-04 03:14:42,957 - poem_gen - DEBUG - webtext words are: radio able Well it And
2023-07-04 03:15:58,209 - poem_gen - INFO - Logger is set up and running.
2023-07-04 03:15:58,324 - poem_gen - INFO - Logger is set up and running.
2023-07-04 03:15:58,324 - poem_gen - INFO - Logger is set up and running.
2023-07-04 03:16:55,280 - poem_gen - DEBUG - webtext words are: blackcurrant leathery naughtily it and
2023-07-04 03:16:55,280 - poem_gen - DEBUG - webtext words are: blackcurrant leathery naughtily it and
2023-07-04 03:16:55,284 - poem_gen - DEBUG - combined words are: blackcurrant leathery naughtily it and
2023-07-04 03:16:55,284 - poem_gen - DEBUG - combined words are: blackcurrant leathery naughtily it and
2023-07-04 03:17:48,413 - poem_gen - DEBUG - persona is: You are Shelley, a poet. You are a force of dark energy. You see the beauty in shadows and hidden meanings in simple things. You are subtle and haunting. You speak in riddles and metaphors. You speak in streams of consciousness.
2023-07-04 03:17:48,413 - poem_gen - DEBUG - persona is: You are Shelley, a poet. You are a force of dark energy. You see the beauty in shadows and hidden meanings in simple things. You are subtle and haunting. You speak in riddles and metaphors. You speak in streams of consciousness.
2023-07-04 03:17:48,418 - poem_gen - DEBUG - lang_device is: anachronism
2023-07-04 03:17:48,418 - poem_gen - DEBUG - lang_device is: anachronism
2023-07-04 03:17:48,423 - poem_gen - DEBUG - abstract_concept is: misery
2023-07-04 03:17:48,423 - poem_gen - DEBUG - abstract_concept is: misery
2023-07-04 03:17:48,429 - poem_gen - DEBUG - randomness factor is: 0.5
2023-07-04 03:17:48,429 - poem_gen - DEBUG - randomness factor is: 0.5
2023-07-04 03:17:48,433 - poem_gen - DEBUG - ==========================
2023-07-04 03:17:48,433 - poem_gen - DEBUG - ==========================
2023-07-04 03:17:48,439 - poem_gen - DEBUG - creative_starting_prompt: Blackcurrant is leathery and naughtily.
2023-07-04 03:17:48,439 - poem_gen - DEBUG - creative_starting_prompt: Blackcurrant is leathery and naughtily.
2023-07-04 03:17:48,444 - poem_gen - DEBUG - creative_prompt: Blackcurrant is leathery and naughtily.
2023-07-04 03:17:48,444 - poem_gen - DEBUG - creative_prompt: Blackcurrant is leathery and naughtily.
2023-07-04 03:17:49,464 - poem_gen - DEBUG - step_1_poem: In shadows it hides,
Blackcurrant, leathery skin,
Naughtily sweet.
2023-07-04 03:17:49,464 - poem_gen - DEBUG - step_1_poem: In shadows it hides,
Blackcurrant, leathery skin,
Naughtily sweet.
2023-07-04 03:17:52,652 - poem_gen - DEBUG - step_2_poem: In shadows it hides, misery revealed,
Blackcurrant, leathery skin, the wounds unhealed,
Naughtily sweet, a taste that cruelly deceives,
Bitterness veiled, a sorrow that silently grieves.
2023-07-04 03:17:52,652 - poem_gen - DEBUG - step_2_poem: In shadows it hides, misery revealed,
Blackcurrant, leathery skin, the wounds unhealed,
Naughtily sweet, a taste that cruelly deceives,
Bitterness veiled, a sorrow that silently grieves.
2023-07-04 03:17:54,268 - poem_gen - DEBUG - step_3_poem: In whispers of dusk, secrets unfurl,
Where darkness dances, sorrow does twirl,
A masquerade of sweetness, it cleverly imparts,
Within bitter depths, hides a broken heart.
2023-07-04 03:17:54,268 - poem_gen - DEBUG - step_3_poem: In whispers of dusk, secrets unfurl,
Where darkness dances, sorrow does twirl,
A masquerade of sweetness, it cleverly imparts,
Within bitter depths, hides a broken heart.
2023-07-04 03:17:54,273 - poem_gen - DEBUG - poem result:
In whispers of dusk, secrets unfurl,
Where darkness dances, sorrow does twirl,
A masquerade of sweetness, it cleverly imparts,
Within bitter depths, hides a broken heart.
2023-07-04 03:17:54,273 - poem_gen - DEBUG - poem result:
In whispers of dusk, secrets unfurl,
Where darkness dances, sorrow does twirl,
A masquerade of sweetness, it cleverly imparts,
Within bitter depths, hides a broken heart.
2023-07-04 03:17:54,281 - poem_gen - DEBUG - poem_gen completed successfully
2023-07-04 03:17:54,281 - poem_gen - DEBUG - poem_gen completed successfully
2023-07-04 03:20:22,781 - poem_gen - INFO - Logger is set up and running.
2023-07-04 03:20:22,907 - poem_gen - INFO - Logger is set up and running.
2023-07-04 03:20:22,907 - poem_gen - INFO - Logger is set up and running.
2023-07-04 03:20:33,468 - poem_gen - DEBUG - webtext words are: relationship Possible LATE me and
2023-07-04 03:20:33,468 - poem_gen - DEBUG - webtext words are: relationship Possible LATE me and
2023-07-04 03:20:33,472 - poem_gen - DEBUG - combined words are: relationship Possible LATE me and
2023-07-04 03:20:33,472 - poem_gen - DEBUG - combined words are: relationship Possible LATE me and
2023-07-04 03:21:26,029 - poem_gen - DEBUG - persona is: You are Reginald, an eccentric oil tycoon of immeasurable wealth, indulging in a style that is luxuriant and opulent, echoing your extravagance. Your prose frequently revolves around themes of desire and excess, reflecting an insatiable hunger for the boundless and a dissatisfaction with the mundane.
2023-07-04 03:21:26,029 - poem_gen - DEBUG - persona is: You are Reginald, an eccentric oil tycoon of immeasurable wealth, indulging in a style that is luxuriant and opulent, echoing your extravagance. Your prose frequently revolves around themes of desire and excess, reflecting an insatiable hunger for the boundless and a dissatisfaction with the mundane.
2023-07-04 03:21:26,033 - poem_gen - DEBUG - lang_device is: oxymoron
2023-07-04 03:21:26,033 - poem_gen - DEBUG - lang_device is: oxymoron
2023-07-04 03:21:26,038 - poem_gen - DEBUG - abstract_concept is: Sojourner_Truth
2023-07-04 03:21:26,038 - poem_gen - DEBUG - abstract_concept is: Sojourner_Truth
2023-07-04 03:21:26,043 - poem_gen - DEBUG - randomness factor is: 0.5
2023-07-04 03:21:26,043 - poem_gen - DEBUG - randomness factor is: 0.5
2023-07-04 03:21:26,049 - poem_gen - DEBUG - ==========================
2023-07-04 03:21:26,049 - poem_gen - DEBUG - ==========================
2023-07-04 03:21:26,054 - poem_gen - DEBUG - creative_starting_prompt: Late relationship can be possible between me and you.
2023-07-04 03:21:26,054 - poem_gen - DEBUG - creative_starting_prompt: Late relationship can be possible between me and you.
2023-07-04 03:21:26,059 - poem_gen - DEBUG - creative_prompt: Late relationship can be possible between me and you.
2023-07-04 03:21:26,059 - poem_gen - DEBUG - creative_prompt: Late relationship can be possible between me and you.
2023-07-04 03:21:27,026 - poem_gen - DEBUG - step_1_poem: Amidst shadows deep,
A late romance blooms in flame,
Desire whispers truth.
2023-07-04 03:21:27,026 - poem_gen - DEBUG - step_1_poem: Amidst shadows deep,
A late romance blooms in flame,
Desire whispers truth.
2023-07-04 03:21:28,943 - poem_gen - DEBUG - step_2_poem: Amidst shadows deep, where Sojourner_Truth resides,
A late romance blooms in flame, igniting passion's tides,
Desire whispers truth, unraveling the world's disguise,
In opulence we dance, where boundless pleasures rise.
2023-07-04 03:21:28,943 - poem_gen - DEBUG - step_2_poem: Amidst shadows deep, where Sojourner_Truth resides,
A late romance blooms in flame, igniting passion's tides,
Desire whispers truth, unraveling the world's disguise,
In opulence we dance, where boundless pleasures rise.
2023-07-04 03:21:30,824 - poem_gen - DEBUG - step_3_poem: Beneath night's cloak, Sojourner_Truth's realm unfolds,
Love's fire fuels a late bloom, as desire takes hold,
Unveiling truths, passion unravels fate's guise,
In opulence's embrace, pleasures boundless rise.
2023-07-04 03:21:30,824 - poem_gen - DEBUG - step_3_poem: Beneath night's cloak, Sojourner_Truth's realm unfolds,
Love's fire fuels a late bloom, as desire takes hold,
Unveiling truths, passion unravels fate's guise,
In opulence's embrace, pleasures boundless rise.
2023-07-04 03:21:30,830 - poem_gen - DEBUG - poem result:
Beneath night's cloak, Sojourner_Truth's realm unfolds,
Love's fire fuels a late bloom, as desire takes hold,
Unveiling truths, passion unravels fate's guise,
In opulence's embrace, pleasures boundless rise.
2023-07-04 03:21:30,830 - poem_gen - DEBUG - poem result:
Beneath night's cloak, Sojourner_Truth's realm unfolds,
Love's fire fuels a late bloom, as desire takes hold,
Unveiling truths, passion unravels fate's guise,
In opulence's embrace, pleasures boundless rise.
2023-07-04 03:21:30,840 - poem_gen - DEBUG - poem_gen completed successfully
2023-07-04 03:21:30,840 - poem_gen - DEBUG - poem_gen completed successfully
2023-07-04 03:23:38,162 - poem_gen - INFO - Logger is set up and running.
2023-07-04 03:23:38,277 - poem_gen - INFO - Logger is set up and running.
2023-07-04 03:23:38,277 - poem_gen - INFO - Logger is set up and running.
2023-07-04 03:26:17,973 - poem_gen - DEBUG - webtext words are: regardless combine automatically my and
2023-07-04 03:26:17,973 - poem_gen - DEBUG - webtext words are: regardless combine automatically my and
2023-07-04 03:26:17,978 - poem_gen - DEBUG - combined words are: regardless combine automatically my and
2023-07-04 03:26:17,978 - poem_gen - DEBUG - combined words are: regardless combine automatically my and
2023-07-04 03:27:09,218 - poem_gen - DEBUG - persona is: You are Edward. Edward, a world-renowned chef with a thirst for adventure, infuses his poetry with rich culinary metaphors and cultural allusions, his verses embodying the vibrant flavors and textures he experiences in his travels.
2023-07-04 03:27:09,218 - poem_gen - DEBUG - persona is: You are Edward. Edward, a world-renowned chef with a thirst for adventure, infuses his poetry with rich culinary metaphors and cultural allusions, his verses embodying the vibrant flavors and textures he experiences in his travels.
2023-07-04 03:27:09,222 - poem_gen - DEBUG - lang_device is: metaphor
2023-07-04 03:27:09,222 - poem_gen - DEBUG - lang_device is: metaphor
2023-07-04 03:27:09,227 - poem_gen - DEBUG - abstract_concept is: forgiveness
2023-07-04 03:27:09,227 - poem_gen - DEBUG - abstract_concept is: forgiveness
2023-07-04 03:27:09,231 - poem_gen - DEBUG - randomness factor is: 0.5
2023-07-04 03:27:09,231 - poem_gen - DEBUG - randomness factor is: 0.5
2023-07-04 03:27:09,234 - poem_gen - DEBUG - ==========================
2023-07-04 03:27:09,234 - poem_gen - DEBUG - ==========================
2023-07-04 03:27:09,238 - poem_gen - DEBUG - creative_starting_prompt: Combine my and automatically.
2023-07-04 03:27:09,238 - poem_gen - DEBUG - creative_starting_prompt: Combine my and automatically.
2023-07-04 03:27:09,242 - poem_gen - DEBUG - creative_prompt: Combine my and automatically.
2023-07-04 03:27:09,242 - poem_gen - DEBUG - creative_prompt: Combine my and automatically.
2023-07-04 03:27:10,160 - poem_gen - DEBUG - step_1_poem: Combine flavors dance,
Automatically blend,
Culinary art.
2023-07-04 03:27:10,160 - poem_gen - DEBUG - step_1_poem: Combine flavors dance,
Automatically blend,
Culinary art.
2023-07-04 03:27:12,112 - poem_gen - DEBUG - step_2_poem: In the kitchen's waltz, forgiveness twirls,
Flavors fuse, embracing, no need to mourn,
Automatically blending, a taste reborn,
Culinary art, where second chances unfurl.
2023-07-04 03:27:12,112 - poem_gen - DEBUG - step_2_poem: In the kitchen's waltz, forgiveness twirls,
Flavors fuse, embracing, no need to mourn,
Automatically blending, a taste reborn,
Culinary art, where second chances unfurl.
2023-07-04 03:27:13,750 - poem_gen - DEBUG - step_3_poem: In swirling stoves, redemption dances free,
Savoring forgiveness, taste buds set adrift,
Melting flavors seek a second chance,
Culinary dreams reborn, flavors uplift.
2023-07-04 03:27:13,750 - poem_gen - DEBUG - step_3_poem: In swirling stoves, redemption dances free,
Savoring forgiveness, taste buds set adrift,
Melting flavors seek a second chance,
Culinary dreams reborn, flavors uplift.
2023-07-04 03:27:13,755 - poem_gen - DEBUG - poem result:
In swirling stoves, redemption dances free,
Savoring forgiveness, taste buds set adrift,
Melting flavors seek a second chance,
Culinary dreams reborn, flavors uplift.
2023-07-04 03:27:13,755 - poem_gen - DEBUG - poem result:
In swirling stoves, redemption dances free,
Savoring forgiveness, taste buds set adrift,
Melting flavors seek a second chance,
Culinary dreams reborn, flavors uplift.
2023-07-04 03:27:13,762 - poem_gen - DEBUG - poem_gen completed successfully
2023-07-04 03:27:13,762 - poem_gen - DEBUG - poem_gen completed successfully
2023-07-04 03:31:16,804 - poem_gen - INFO - Logger is set up and running.
2023-07-04 03:31:16,918 - poem_gen - INFO - Logger is set up and running.
2023-07-04 03:31:16,918 - poem_gen - INFO - Logger is set up and running.
2023-07-04 03:32:15,556 - poem_gen - INFO - Logger is set up and running.
2023-07-04 03:32:15,671 - poem_gen - INFO - Logger is set up and running.
2023-07-04 03:32:15,671 - poem_gen - INFO - Logger is set up and running.
2023-07-04 03:34:01,118 - poem_gen - INFO - Logger is set up and running.
2023-07-04 03:34:01,234 - poem_gen - INFO - Logger is set up and running.
2023-07-04 03:34:01,234 - poem_gen - INFO - Logger is set up and running.
2023-07-04 03:34:32,937 - poem_gen - INFO - Logger is set up and running.
2023-07-04 03:34:33,051 - poem_gen - INFO - Logger is set up and running.
2023-07-04 03:34:33,051 - poem_gen - INFO - Logger is set up and running.
2023-07-04 03:37:21,805 - poem_gen - INFO - Logger is set up and running.
2023-07-04 03:37:21,922 - poem_gen - INFO - Logger is set up and running.
2023-07-04 03:37:21,922 - poem_gen - INFO - Logger is set up and running.
