2023-08-15 22:15:34,292 - setup_utils - INFO - setup_utils - game_uuid created = e76e75e4-62b2-4191-a870-3af76d706ede
2023-08-15 22:15:34,298 - setup_utils - DEBUG - setup_utils - game_uuid is = e76e75e4-62b2-4191-a870-3af76d706ede
2023-08-15 22:17:37,775 - setup_utils - INFO - setup_utils - game_uuid found = e76e75e4-62b2-4191-a870-3af76d706ede
2023-08-15 22:17:37,779 - setup_utils - DEBUG - setup_utils - game_uuid is = e76e75e4-62b2-4191-a870-3af76d706ede
2023-08-15 22:24:58,945 - setup_utils - INFO - setup_utils - game_uuid found = e76e75e4-62b2-4191-a870-3af76d706ede
2023-08-15 22:24:58,950 - setup_utils - DEBUG - setup_utils - game_uuid is = e76e75e4-62b2-4191-a870-3af76d706ede
2023-08-15 22:25:15,209 - setup_utils - INFO - setup_utils - game_uuid found = e76e75e4-62b2-4191-a870-3af76d706ede
2023-08-15 22:25:15,212 - setup_utils - DEBUG - setup_utils - game_uuid is = e76e75e4-62b2-4191-a870-3af76d706ede
2023-08-15 22:36:06,595 - setup_utils - INFO - setup_utils - game_uuid created = 7fe1f656-4c4c-4fb6-bce3-8b8ad8b21883
2023-08-15 22:36:06,599 - setup_utils - DEBUG - setup_utils - game_uuid is = 7fe1f656-4c4c-4fb6-bce3-8b8ad8b21883
2023-08-15 23:10:22,789 - setup_utils - INFO - setup_utils - game_uuid found = 7fe1f656-4c4c-4fb6-bce3-8b8ad8b21883
2023-08-15 23:10:22,795 - setup_utils - DEBUG - setup_utils - game_uuid is = 7fe1f656-4c4c-4fb6-bce3-8b8ad8b21883
2023-08-15 23:22:40,129 - setup_utils - INFO - setup_utils - game_uuid found = 7fe1f656-4c4c-4fb6-bce3-8b8ad8b21883
2023-08-15 23:22:40,134 - setup_utils - DEBUG - setup_utils - game_uuid is = 7fe1f656-4c4c-4fb6-bce3-8b8ad8b21883
2023-08-15 23:23:22,379 - setup_utils - INFO - setup_utils - game_uuid found = 7fe1f656-4c4c-4fb6-bce3-8b8ad8b21883
2023-08-15 23:23:22,385 - setup_utils - DEBUG - setup_utils - game_uuid is = 7fe1f656-4c4c-4fb6-bce3-8b8ad8b21883
2023-08-15 23:24:50,583 - setup_utils - INFO - setup_utils - game_uuid found = 7fe1f656-4c4c-4fb6-bce3-8b8ad8b21883
2023-08-15 23:24:50,588 - setup_utils - DEBUG - setup_utils - game_uuid is = 7fe1f656-4c4c-4fb6-bce3-8b8ad8b21883
2023-08-15 23:25:25,618 - setup_utils - INFO - setup_utils - game_uuid found = 7fe1f656-4c4c-4fb6-bce3-8b8ad8b21883
2023-08-15 23:25:25,624 - setup_utils - DEBUG - setup_utils - game_uuid is = 7fe1f656-4c4c-4fb6-bce3-8b8ad8b21883
2023-08-15 23:25:58,680 - setup_utils - INFO - setup_utils - game_uuid found = 7fe1f656-4c4c-4fb6-bce3-8b8ad8b21883
2023-08-15 23:25:58,686 - setup_utils - DEBUG - setup_utils - game_uuid is = 7fe1f656-4c4c-4fb6-bce3-8b8ad8b21883
2023-08-15 23:26:32,562 - setup_utils - INFO - setup_utils - game_uuid found = 7fe1f656-4c4c-4fb6-bce3-8b8ad8b21883
2023-08-15 23:26:32,565 - setup_utils - DEBUG - setup_utils - game_uuid is = 7fe1f656-4c4c-4fb6-bce3-8b8ad8b21883
2023-08-15 23:27:06,765 - setup_utils - INFO - setup_utils - game_uuid found = 7fe1f656-4c4c-4fb6-bce3-8b8ad8b21883
2023-08-15 23:27:06,770 - setup_utils - DEBUG - setup_utils - game_uuid is = 7fe1f656-4c4c-4fb6-bce3-8b8ad8b21883
2023-08-15 23:27:40,363 - setup_utils - INFO - setup_utils - game_uuid found = 7fe1f656-4c4c-4fb6-bce3-8b8ad8b21883
2023-08-15 23:27:40,369 - setup_utils - DEBUG - setup_utils - game_uuid is = 7fe1f656-4c4c-4fb6-bce3-8b8ad8b21883
2023-08-15 23:28:14,367 - setup_utils - INFO - setup_utils - game_uuid found = 7fe1f656-4c4c-4fb6-bce3-8b8ad8b21883
2023-08-15 23:28:14,372 - setup_utils - DEBUG - setup_utils - game_uuid is = 7fe1f656-4c4c-4fb6-bce3-8b8ad8b21883
2023-08-15 23:28:47,103 - setup_utils - INFO - setup_utils - game_uuid found = 7fe1f656-4c4c-4fb6-bce3-8b8ad8b21883
2023-08-15 23:28:47,108 - setup_utils - DEBUG - setup_utils - game_uuid is = 7fe1f656-4c4c-4fb6-bce3-8b8ad8b21883
2023-08-16 19:14:24,842 - setup_utils - INFO - setup_utils - game_uuid found = 7fe1f656-4c4c-4fb6-bce3-8b8ad8b21883
2023-08-16 19:14:24,846 - setup_utils - DEBUG - setup_utils - game_uuid is = 7fe1f656-4c4c-4fb6-bce3-8b8ad8b21883
2023-08-16 19:16:06,987 - setup_utils - INFO - setup_utils - game_uuid found = 7fe1f656-4c4c-4fb6-bce3-8b8ad8b21883
2023-08-16 19:16:06,992 - setup_utils - DEBUG - setup_utils - game_uuid is = 7fe1f656-4c4c-4fb6-bce3-8b8ad8b21883
2023-08-16 19:19:02,647 - setup_utils - INFO - setup_utils - game_uuid found = 7fe1f656-4c4c-4fb6-bce3-8b8ad8b21883
2023-08-16 19:19:02,652 - setup_utils - DEBUG - setup_utils - game_uuid is = 7fe1f656-4c4c-4fb6-bce3-8b8ad8b21883
2023-08-16 19:22:46,459 - setup_utils - INFO - setup_utils - game_uuid found = 7fe1f656-4c4c-4fb6-bce3-8b8ad8b21883
2023-08-16 19:22:46,463 - setup_utils - DEBUG - setup_utils - game_uuid is = 7fe1f656-4c4c-4fb6-bce3-8b8ad8b21883
2023-08-16 19:26:55,448 - setup_utils - INFO - setup_utils - game_uuid found = 7fe1f656-4c4c-4fb6-bce3-8b8ad8b21883
2023-08-16 19:26:55,453 - setup_utils - DEBUG - setup_utils - game_uuid is = 7fe1f656-4c4c-4fb6-bce3-8b8ad8b21883
2023-08-16 19:30:05,508 - setup_utils - INFO - setup_utils - game_uuid found = 7fe1f656-4c4c-4fb6-bce3-8b8ad8b21883
2023-08-16 19:30:05,513 - setup_utils - DEBUG - setup_utils - game_uuid is = 7fe1f656-4c4c-4fb6-bce3-8b8ad8b21883
2023-08-16 19:31:05,692 - setup_utils - INFO - setup_utils - game_uuid found = 7fe1f656-4c4c-4fb6-bce3-8b8ad8b21883
2023-08-16 19:31:05,696 - setup_utils - DEBUG - setup_utils - game_uuid is = 7fe1f656-4c4c-4fb6-bce3-8b8ad8b21883
2023-08-16 19:31:45,001 - setup_utils - INFO - setup_utils - game_uuid found = 7fe1f656-4c4c-4fb6-bce3-8b8ad8b21883
2023-08-16 19:31:45,006 - setup_utils - DEBUG - setup_utils - game_uuid is = 7fe1f656-4c4c-4fb6-bce3-8b8ad8b21883
2023-08-16 19:32:38,617 - setup_utils - INFO - setup_utils - game_uuid found = 7fe1f656-4c4c-4fb6-bce3-8b8ad8b21883
2023-08-16 19:32:38,621 - setup_utils - DEBUG - setup_utils - game_uuid is = 7fe1f656-4c4c-4fb6-bce3-8b8ad8b21883
2023-08-16 19:34:05,907 - setup_utils - INFO - setup_utils - game_uuid found = 7fe1f656-4c4c-4fb6-bce3-8b8ad8b21883
2023-08-16 19:34:05,911 - setup_utils - DEBUG - setup_utils - game_uuid is = 7fe1f656-4c4c-4fb6-bce3-8b8ad8b21883
2023-08-16 19:34:52,309 - setup_utils - INFO - setup_utils - game_uuid found = 7fe1f656-4c4c-4fb6-bce3-8b8ad8b21883
2023-08-16 19:34:52,313 - setup_utils - DEBUG - setup_utils - game_uuid is = 7fe1f656-4c4c-4fb6-bce3-8b8ad8b21883
2023-08-16 19:35:30,826 - setup_utils - INFO - setup_utils - game_uuid found = 7fe1f656-4c4c-4fb6-bce3-8b8ad8b21883
2023-08-16 19:35:30,830 - setup_utils - DEBUG - setup_utils - game_uuid is = 7fe1f656-4c4c-4fb6-bce3-8b8ad8b21883
2023-08-16 19:58:25,825 - setup_utils - INFO - setup_utils - game_uuid found = 7fe1f656-4c4c-4fb6-bce3-8b8ad8b21883
2023-08-16 19:58:25,829 - setup_utils - DEBUG - setup_utils - game_uuid is = 7fe1f656-4c4c-4fb6-bce3-8b8ad8b21883
2023-08-16 20:57:23,733 - setup_utils - INFO - setup_utils - game_uuid created = 1ea828d9-adda-4964-8262-a000ade37a4f
2023-08-16 20:57:23,737 - setup_utils - DEBUG - setup_utils - game_uuid is = 1ea828d9-adda-4964-8262-a000ade37a4f
2023-08-16 20:58:08,675 - setup_utils - INFO - setup_utils - game_uuid found = 1ea828d9-adda-4964-8262-a000ade37a4f
2023-08-16 20:58:08,679 - setup_utils - DEBUG - setup_utils - game_uuid is = 1ea828d9-adda-4964-8262-a000ade37a4f
2023-08-16 20:59:13,579 - setup_utils - INFO - setup_utils - game_uuid found = 1ea828d9-adda-4964-8262-a000ade37a4f
2023-08-16 20:59:13,583 - setup_utils - DEBUG - setup_utils - game_uuid is = 1ea828d9-adda-4964-8262-a000ade37a4f
2023-08-16 21:00:46,602 - setup_utils - INFO - setup_utils - game_uuid found = 1ea828d9-adda-4964-8262-a000ade37a4f
2023-08-16 21:00:46,605 - setup_utils - DEBUG - setup_utils - game_uuid is = 1ea828d9-adda-4964-8262-a000ade37a4f
2023-08-16 21:01:23,358 - setup_utils - INFO - setup_utils - game_uuid found = 1ea828d9-adda-4964-8262-a000ade37a4f
2023-08-16 21:01:23,363 - setup_utils - DEBUG - setup_utils - game_uuid is = 1ea828d9-adda-4964-8262-a000ade37a4f
2023-08-16 21:03:32,017 - setup_utils - INFO - setup_utils - game_uuid found = 1ea828d9-adda-4964-8262-a000ade37a4f
2023-08-16 21:03:32,023 - setup_utils - DEBUG - setup_utils - game_uuid is = 1ea828d9-adda-4964-8262-a000ade37a4f
2023-10-23 21:56:07,196 - setup_utils - INFO - setup_utils - game_uuid found = 1ea828d9-adda-4964-8262-a000ade37a4f
2023-10-23 21:56:07,200 - setup_utils - DEBUG - setup_utils - game_uuid is = 1ea828d9-adda-4964-8262-a000ade37a4f
2023-10-23 21:57:53,585 - setup_utils - INFO - setup_utils - game_uuid found = 1ea828d9-adda-4964-8262-a000ade37a4f
2023-10-23 21:57:53,591 - setup_utils - DEBUG - setup_utils - game_uuid is = 1ea828d9-adda-4964-8262-a000ade37a4f
2023-10-23 21:58:53,798 - setup_utils - INFO - setup_utils - game_uuid found = 1ea828d9-adda-4964-8262-a000ade37a4f
2023-10-23 21:58:53,802 - setup_utils - DEBUG - setup_utils - game_uuid is = 1ea828d9-adda-4964-8262-a000ade37a4f
2023-10-23 22:09:44,209 - setup_utils - INFO - setup_utils - game_uuid found = 1ea828d9-adda-4964-8262-a000ade37a4f
2023-10-23 22:09:44,213 - setup_utils - DEBUG - setup_utils - game_uuid is = 1ea828d9-adda-4964-8262-a000ade37a4f
2023-11-03 20:15:04,137 - setup_utils - INFO - setup_utils - game_uuid found = 1ea828d9-adda-4964-8262-a000ade37a4f
2023-11-03 20:15:04,141 - setup_utils - DEBUG - setup_utils - game_uuid is = 1ea828d9-adda-4964-8262-a000ade37a4f
2023-11-03 20:16:08,462 - setup_utils - INFO - setup_utils - game_uuid found = 1ea828d9-adda-4964-8262-a000ade37a4f
2023-11-03 20:16:08,465 - setup_utils - DEBUG - setup_utils - game_uuid is = 1ea828d9-adda-4964-8262-a000ade37a4f
2023-11-03 20:16:24,820 - setup_utils - INFO - setup_utils - game_uuid found = 1ea828d9-adda-4964-8262-a000ade37a4f
2023-11-03 20:16:24,824 - setup_utils - DEBUG - setup_utils - game_uuid is = 1ea828d9-adda-4964-8262-a000ade37a4f
2023-11-03 20:16:33,543 - setup_utils - INFO - setup_utils - game_uuid found = 1ea828d9-adda-4964-8262-a000ade37a4f
2023-11-03 20:16:33,546 - setup_utils - DEBUG - setup_utils - game_uuid is = 1ea828d9-adda-4964-8262-a000ade37a4f
2023-11-03 20:16:42,849 - setup_utils - INFO - setup_utils - game_uuid found = 1ea828d9-adda-4964-8262-a000ade37a4f
2023-11-03 20:16:42,853 - setup_utils - DEBUG - setup_utils - game_uuid is = 1ea828d9-adda-4964-8262-a000ade37a4f
2023-11-18 22:30:41,005 - setup_utils - INFO - setup_utils - game_uuid found = 1ea828d9-adda-4964-8262-a000ade37a4f
2023-11-18 22:30:41,010 - setup_utils - DEBUG - setup_utils - game_uuid is = 1ea828d9-adda-4964-8262-a000ade37a4f
2023-11-18 22:31:59,200 - setup_utils - INFO - setup_utils - game_uuid found = 1ea828d9-adda-4964-8262-a000ade37a4f
2023-11-18 22:31:59,203 - setup_utils - DEBUG - setup_utils - game_uuid is = 1ea828d9-adda-4964-8262-a000ade37a4f
2023-11-18 22:32:17,023 - setup_utils - INFO - setup_utils - game_uuid found = 1ea828d9-adda-4964-8262-a000ade37a4f
2023-11-18 22:32:17,027 - setup_utils - DEBUG - setup_utils - game_uuid is = 1ea828d9-adda-4964-8262-a000ade37a4f
2023-11-18 22:32:40,002 - setup_utils - INFO - setup_utils - game_uuid found = 1ea828d9-adda-4964-8262-a000ade37a4f
2023-11-18 22:32:40,008 - setup_utils - DEBUG - setup_utils - game_uuid is = 1ea828d9-adda-4964-8262-a000ade37a4f
2023-11-18 22:33:16,428 - setup_utils - INFO - setup_utils - game_uuid found = 1ea828d9-adda-4964-8262-a000ade37a4f
2023-11-18 22:33:16,432 - setup_utils - DEBUG - setup_utils - game_uuid is = 1ea828d9-adda-4964-8262-a000ade37a4f
2023-11-18 22:33:43,086 - setup_utils - INFO - setup_utils - game_uuid found = 1ea828d9-adda-4964-8262-a000ade37a4f
2023-11-18 22:33:43,090 - setup_utils - DEBUG - setup_utils - game_uuid is = 1ea828d9-adda-4964-8262-a000ade37a4f
2023-11-18 22:37:16,070 - setup_utils - INFO - setup_utils - game_uuid found = 1ea828d9-adda-4964-8262-a000ade37a4f
2023-11-18 22:37:16,074 - setup_utils - DEBUG - setup_utils - game_uuid is = 1ea828d9-adda-4964-8262-a000ade37a4f
2023-11-18 23:01:12,912 - setup_utils - INFO - setup_utils - game_uuid found = 1ea828d9-adda-4964-8262-a000ade37a4f
2023-11-18 23:01:12,917 - setup_utils - DEBUG - setup_utils - game_uuid is = 1ea828d9-adda-4964-8262-a000ade37a4f
2023-11-18 23:02:46,144 - setup_utils - INFO - setup_utils - game_uuid found = 1ea828d9-adda-4964-8262-a000ade37a4f
2023-11-18 23:02:46,147 - setup_utils - DEBUG - setup_utils - game_uuid is = 1ea828d9-adda-4964-8262-a000ade37a4f
2023-11-18 23:07:14,550 - setup_utils - INFO - setup_utils - game_uuid found = 1ea828d9-adda-4964-8262-a000ade37a4f
2023-11-18 23:07:14,554 - setup_utils - DEBUG - setup_utils - game_uuid is = 1ea828d9-adda-4964-8262-a000ade37a4f
2023-11-18 23:08:47,673 - setup_utils - INFO - setup_utils - game_uuid found = 1ea828d9-adda-4964-8262-a000ade37a4f
2023-11-18 23:08:47,677 - setup_utils - DEBUG - setup_utils - game_uuid is = 1ea828d9-adda-4964-8262-a000ade37a4f
2023-11-18 23:10:10,858 - setup_utils - INFO - setup_utils - game_uuid found = 1ea828d9-adda-4964-8262-a000ade37a4f
2023-11-18 23:10:10,861 - setup_utils - DEBUG - setup_utils - game_uuid is = 1ea828d9-adda-4964-8262-a000ade37a4f
2023-11-18 23:10:55,544 - setup_utils - INFO - setup_utils - game_uuid found = 1ea828d9-adda-4964-8262-a000ade37a4f
2023-11-18 23:10:55,547 - setup_utils - DEBUG - setup_utils - game_uuid is = 1ea828d9-adda-4964-8262-a000ade37a4f
2023-11-18 23:12:15,595 - setup_utils - INFO - setup_utils - game_uuid found = 1ea828d9-adda-4964-8262-a000ade37a4f
2023-11-18 23:12:15,598 - setup_utils - DEBUG - setup_utils - game_uuid is = 1ea828d9-adda-4964-8262-a000ade37a4f
2023-11-18 23:13:05,692 - setup_utils - INFO - setup_utils - game_uuid found = 1ea828d9-adda-4964-8262-a000ade37a4f
2023-11-18 23:13:05,696 - setup_utils - DEBUG - setup_utils - game_uuid is = 1ea828d9-adda-4964-8262-a000ade37a4f
2023-11-18 23:16:25,441 - setup_utils - INFO - setup_utils - game_uuid found = 1ea828d9-adda-4964-8262-a000ade37a4f
2023-11-18 23:16:25,445 - setup_utils - DEBUG - setup_utils - game_uuid is = 1ea828d9-adda-4964-8262-a000ade37a4f
2023-11-18 23:17:29,676 - setup_utils - INFO - setup_utils - game_uuid found = 1ea828d9-adda-4964-8262-a000ade37a4f
2023-11-18 23:17:29,679 - setup_utils - DEBUG - setup_utils - game_uuid is = 1ea828d9-adda-4964-8262-a000ade37a4f
2023-11-18 23:17:39,825 - setup_utils - INFO - setup_utils - game_uuid found = 1ea828d9-adda-4964-8262-a000ade37a4f
2023-11-18 23:17:39,829 - setup_utils - DEBUG - setup_utils - game_uuid is = 1ea828d9-adda-4964-8262-a000ade37a4f
2023-11-18 23:17:53,453 - setup_utils - INFO - setup_utils - game_uuid found = 1ea828d9-adda-4964-8262-a000ade37a4f
2023-11-18 23:17:53,457 - setup_utils - DEBUG - setup_utils - game_uuid is = 1ea828d9-adda-4964-8262-a000ade37a4f
2023-11-18 23:18:02,656 - setup_utils - INFO - setup_utils - game_uuid found = 1ea828d9-adda-4964-8262-a000ade37a4f
2023-11-18 23:18:02,660 - setup_utils - DEBUG - setup_utils - game_uuid is = 1ea828d9-adda-4964-8262-a000ade37a4f
2023-11-18 23:18:22,186 - setup_utils - INFO - setup_utils - game_uuid found = 1ea828d9-adda-4964-8262-a000ade37a4f
2023-11-18 23:18:22,190 - setup_utils - DEBUG - setup_utils - game_uuid is = 1ea828d9-adda-4964-8262-a000ade37a4f
2023-11-18 23:18:30,541 - setup_utils - INFO - setup_utils - game_uuid found = 1ea828d9-adda-4964-8262-a000ade37a4f
2023-11-18 23:18:30,545 - setup_utils - DEBUG - setup_utils - game_uuid is = 1ea828d9-adda-4964-8262-a000ade37a4f
2023-11-18 23:18:38,547 - setup_utils - INFO - setup_utils - game_uuid found = 1ea828d9-adda-4964-8262-a000ade37a4f
2023-11-18 23:18:38,551 - setup_utils - DEBUG - setup_utils - game_uuid is = 1ea828d9-adda-4964-8262-a000ade37a4f
2023-11-18 23:19:23,436 - setup_utils - INFO - setup_utils - game_uuid found = 1ea828d9-adda-4964-8262-a000ade37a4f
2023-11-18 23:19:23,440 - setup_utils - DEBUG - setup_utils - game_uuid is = 1ea828d9-adda-4964-8262-a000ade37a4f
2023-11-18 23:21:00,073 - setup_utils - INFO - setup_utils - game_uuid found = 1ea828d9-adda-4964-8262-a000ade37a4f
2023-11-18 23:21:00,077 - setup_utils - DEBUG - setup_utils - game_uuid is = 1ea828d9-adda-4964-8262-a000ade37a4f
2023-11-18 23:21:37,283 - setup_utils - INFO - setup_utils - game_uuid found = 1ea828d9-adda-4964-8262-a000ade37a4f
2023-11-18 23:21:37,287 - setup_utils - DEBUG - setup_utils - game_uuid is = 1ea828d9-adda-4964-8262-a000ade37a4f
2023-11-18 23:24:49,365 - setup_utils - INFO - setup_utils - game_uuid found = 1ea828d9-adda-4964-8262-a000ade37a4f
2023-11-18 23:24:49,369 - setup_utils - DEBUG - setup_utils - game_uuid is = 1ea828d9-adda-4964-8262-a000ade37a4f
2023-11-18 23:25:31,220 - setup_utils - INFO - setup_utils - game_uuid created = c7e34b0d-3dd8-45c4-a4c4-c1568dea6b42
2023-11-18 23:25:31,224 - setup_utils - DEBUG - setup_utils - game_uuid is = c7e34b0d-3dd8-45c4-a4c4-c1568dea6b42
2023-11-18 23:26:47,304 - setup_utils - INFO - setup_utils - game_uuid found = c7e34b0d-3dd8-45c4-a4c4-c1568dea6b42
2023-11-18 23:26:47,308 - setup_utils - DEBUG - setup_utils - game_uuid is = c7e34b0d-3dd8-45c4-a4c4-c1568dea6b42
2023-11-18 23:27:50,032 - setup_utils - INFO - setup_utils - game_uuid found = c7e34b0d-3dd8-45c4-a4c4-c1568dea6b42
2023-11-18 23:27:50,036 - setup_utils - DEBUG - setup_utils - game_uuid is = c7e34b0d-3dd8-45c4-a4c4-c1568dea6b42
2023-11-18 23:28:15,454 - setup_utils - INFO - setup_utils - game_uuid found = c7e34b0d-3dd8-45c4-a4c4-c1568dea6b42
2023-11-18 23:28:15,457 - setup_utils - DEBUG - setup_utils - game_uuid is = c7e34b0d-3dd8-45c4-a4c4-c1568dea6b42
2023-11-18 23:28:26,493 - setup_utils - INFO - setup_utils - game_uuid found = c7e34b0d-3dd8-45c4-a4c4-c1568dea6b42
2023-11-18 23:28:26,496 - setup_utils - DEBUG - setup_utils - game_uuid is = c7e34b0d-3dd8-45c4-a4c4-c1568dea6b42
2023-11-18 23:28:38,314 - setup_utils - INFO - setup_utils - game_uuid found = c7e34b0d-3dd8-45c4-a4c4-c1568dea6b42
2023-11-18 23:28:38,318 - setup_utils - DEBUG - setup_utils - game_uuid is = c7e34b0d-3dd8-45c4-a4c4-c1568dea6b42
2023-11-18 23:28:53,514 - setup_utils - INFO - setup_utils - game_uuid found = c7e34b0d-3dd8-45c4-a4c4-c1568dea6b42
2023-11-18 23:28:53,520 - setup_utils - DEBUG - setup_utils - game_uuid is = c7e34b0d-3dd8-45c4-a4c4-c1568dea6b42
2023-11-18 23:30:47,403 - setup_utils - INFO - setup_utils - game_uuid found = c7e34b0d-3dd8-45c4-a4c4-c1568dea6b42
2023-11-18 23:30:47,408 - setup_utils - DEBUG - setup_utils - game_uuid is = c7e34b0d-3dd8-45c4-a4c4-c1568dea6b42
2023-11-18 23:34:53,384 - setup_utils - INFO - setup_utils - game_uuid found = c7e34b0d-3dd8-45c4-a4c4-c1568dea6b42
2023-11-18 23:34:53,387 - setup_utils - DEBUG - setup_utils - game_uuid is = c7e34b0d-3dd8-45c4-a4c4-c1568dea6b42
2023-11-18 23:35:56,383 - setup_utils - INFO - setup_utils - game_uuid found = c7e34b0d-3dd8-45c4-a4c4-c1568dea6b42
2023-11-18 23:35:56,386 - setup_utils - DEBUG - setup_utils - game_uuid is = c7e34b0d-3dd8-45c4-a4c4-c1568dea6b42
2023-11-18 23:39:50,504 - setup_utils - INFO - setup_utils - game_uuid found = c7e34b0d-3dd8-45c4-a4c4-c1568dea6b42
2023-11-18 23:39:50,508 - setup_utils - DEBUG - setup_utils - game_uuid is = c7e34b0d-3dd8-45c4-a4c4-c1568dea6b42
2023-11-18 23:40:57,606 - setup_utils - INFO - setup_utils - game_uuid found = c7e34b0d-3dd8-45c4-a4c4-c1568dea6b42
2023-11-18 23:40:57,609 - setup_utils - DEBUG - setup_utils - game_uuid is = c7e34b0d-3dd8-45c4-a4c4-c1568dea6b42
2023-11-18 23:42:02,712 - setup_utils - INFO - setup_utils - game_uuid found = c7e34b0d-3dd8-45c4-a4c4-c1568dea6b42
2023-11-18 23:42:02,716 - setup_utils - DEBUG - setup_utils - game_uuid is = c7e34b0d-3dd8-45c4-a4c4-c1568dea6b42
2023-11-18 23:43:50,250 - setup_utils - INFO - setup_utils - game_uuid found = c7e34b0d-3dd8-45c4-a4c4-c1568dea6b42
2023-11-18 23:43:50,255 - setup_utils - DEBUG - setup_utils - game_uuid is = c7e34b0d-3dd8-45c4-a4c4-c1568dea6b42
