2023-07-03 23:48:00,758 - __main__ - INFO - Logger is set up and running.
2023-07-03 23:48:00,758 - __main__ - DEBUG - starting game session....
2023-07-03 23:48:00,759 - __main__ - DEBUG - game_state: level, entropy: (1, 0.5820620666099589)
2023-07-03 23:48:00,759 - __main__ - DEBUG - starting introduction
2023-07-03 23:48:14,793 - __main__ - INFO - Logger is set up and running.
2023-07-03 23:48:14,793 - __main__ - DEBUG - starting game session....
2023-07-03 23:48:14,793 - __main__ - DEBUG - game_state: level, entropy: (1, 0.30161541928936364)
2023-07-03 23:48:14,793 - __main__ - DEBUG - starting introduction
2023-07-03 23:48:16,136 - __main__ - DEBUG - poetry game intro starting now...
2023-07-03 23:49:05,440 - __main__ - INFO - Logger is set up and running.
2023-07-03 23:49:05,440 - __main__ - DEBUG - starting game session....
2023-07-03 23:49:05,440 - __main__ - DEBUG - game_state: level, entropy: (1, 0.26074132279076334)
2023-07-03 23:49:05,440 - __main__ - DEBUG - starting introduction
2023-07-03 23:49:06,918 - __main__ - DEBUG - poetry game intro starting now...
2023-07-03 23:50:40,822 - __main__ - INFO - Logger is set up and running.
2023-07-03 23:50:40,822 - __main__ - DEBUG - starting game session....
2023-07-03 23:50:40,823 - __main__ - DEBUG - game_state: level, entropy: (1, Decimal('0.47888840228865470205477095078094862401485443115234375'))
2023-07-03 23:50:40,823 - __main__ - DEBUG - starting introduction
2023-07-03 23:50:42,858 - __main__ - DEBUG - poetry game intro starting now...
2023-07-03 23:50:42,858 - __main__ - DEBUG - Option A chosen. entropy decreased by .1. Current entropy level: 0.3788884022886547020547709508
2023-07-03 23:50:42,858 - __main__ - DEBUG - sent to luma
2023-07-03 23:50:49,887 - __main__ - INFO - Logger is set up and running.
2023-07-03 23:50:49,887 - __main__ - DEBUG - starting game session....
2023-07-03 23:50:49,887 - __main__ - DEBUG - game_state: level, entropy: (1, Decimal('0.85200915735877613688131759772659279406070709228515625'))
2023-07-03 23:50:49,887 - __main__ - DEBUG - starting introduction
2023-07-03 23:50:51,378 - __main__ - DEBUG - poetry game intro starting now...
2023-07-03 23:50:51,378 - __main__ - DEBUG - Option A chosen. entropy decreased by .1. Current entropy level: 0.7520091573587761368813175977
2023-07-03 23:50:51,378 - __main__ - DEBUG - sent to luma
2023-07-03 23:50:58,019 - __main__ - INFO - Logger is set up and running.
2023-07-03 23:50:58,019 - __main__ - DEBUG - starting game session....
2023-07-03 23:50:58,019 - __main__ - DEBUG - game_state: level, entropy: (2, Decimal('0.245564707048714858661497828506981022655963897705078125'))
2023-07-03 23:50:58,019 - __main__ - DEBUG - starting peom generation
2023-07-03 23:50:58,019 - __main__ - DEBUG - runing poetry_gen_apollo, current entropy is: 0.245564707048714858661497828506981022655963897705078125
2023-07-03 23:51:27,979 - __main__ - INFO - Logger is set up and running.
2023-07-03 23:51:27,979 - __main__ - DEBUG - starting game session....
2023-07-03 23:51:27,980 - __main__ - DEBUG - game_state: level, entropy: (2, Decimal('0.29252370727027710017864592373371124267578125'))
2023-07-03 23:51:27,980 - __main__ - DEBUG - starting peom generation
2023-07-03 23:51:27,981 - __main__ - DEBUG - runing poetry_gen_apollo, current entropy is: 0.29252370727027710017864592373371124267578125
2023-07-03 23:52:55,238 - __main__ - INFO - Logger is set up and running.
2023-07-03 23:52:55,239 - __main__ - DEBUG - starting game session....
2023-07-03 23:52:55,239 - __main__ - DEBUG - game_state: level, entropy: (2, 0.572676588933744)
2023-07-03 23:52:55,239 - __main__ - DEBUG - starting peom generation
2023-07-03 23:52:55,239 - __main__ - DEBUG - runing poetry_gen_apollo, current entropy is: 0.572676588933744
2023-07-03 23:53:18,509 - __main__ - INFO - Logger is set up and running.
2023-07-03 23:53:18,509 - __main__ - DEBUG - starting game session....
2023-07-03 23:53:18,509 - __main__ - DEBUG - game_state: level, entropy: (2, 0.11273605722303728)
2023-07-03 23:53:18,510 - __main__ - DEBUG - starting peom generation
2023-07-03 23:53:18,510 - __main__ - DEBUG - runing poetry_gen_apollo, current entropy is: 0.11273605722303728
2023-07-03 23:53:27,740 - __main__ - DEBUG - now running level 2...
2023-07-03 23:54:47,792 - __main__ - INFO - Logger is set up and running.
2023-07-03 23:54:47,792 - __main__ - DEBUG - starting game session....
2023-07-03 23:54:47,793 - __main__ - DEBUG - game_state: level, entropy: (2, Decimal('0.58599454234863779245046089272364042699337005615234375'))
2023-07-03 23:54:47,793 - __main__ - DEBUG - starting peom generation
2023-07-03 23:54:47,793 - __main__ - DEBUG - runing poetry_gen_apollo, current entropy is: 0.58599454234863779245046089272364042699337005615234375
2023-07-03 23:55:59,665 - __main__ - INFO - Logger is set up and running.
2023-07-03 23:55:59,665 - __main__ - DEBUG - starting game session....
2023-07-03 23:55:59,666 - __main__ - DEBUG - game_state: level, entropy: (2, Decimal('0.4144704471868767559072921358165331184864044189453125'))
2023-07-03 23:55:59,666 - __main__ - DEBUG - starting peom generation
2023-07-03 23:55:59,666 - __main__ - DEBUG - runing poetry_gen_apollo, current entropy is: 0.41447044718687676
2023-07-03 23:56:11,480 - __main__ - DEBUG - now running level 2...
2023-07-03 23:56:11,482 - __main__ - DEBUG - Option A chosen. entropy decreased by .1. Current entropy level: 0.3144704471868767559072921358
2023-07-03 23:56:11,482 - __main__ - DEBUG - sent to luma
2023-07-03 23:56:15,217 - __main__ - INFO - Logger is set up and running.
2023-07-03 23:56:15,217 - __main__ - DEBUG - starting game session....
2023-07-03 23:56:15,217 - __main__ - DEBUG - game_state: level, entropy: (2, Decimal('0.60769518864655525103302124989568255841732025146484375'))
2023-07-03 23:56:15,217 - __main__ - DEBUG - starting peom generation
2023-07-03 23:56:15,217 - __main__ - DEBUG - runing poetry_gen_apollo, current entropy is: 0.6076951886465553
2023-07-03 23:56:24,178 - __main__ - DEBUG - now running level 2...
2023-07-03 23:56:24,178 - __main__ - DEBUG - Option B chosen. entropy increased by .1. Current entropy level: 0.7076951886465552510330212499
2023-07-03 23:56:24,178 - __main__ - DEBUG - sent to luma
2023-07-03 23:58:49,624 - __main__ - INFO - Logger is set up and running.
2023-07-03 23:58:49,624 - __main__ - DEBUG - starting game session....
2023-07-03 23:58:49,625 - __main__ - DEBUG - game_state: level, entropy: (2, Decimal('0.1998046071452676264446068898905650712549686431884765625'))
2023-07-03 23:58:49,625 - __main__ - DEBUG - starting peom generation
2023-07-03 23:58:49,625 - __main__ - DEBUG - runing poetry_gen_apollo, current entropy is: 0.19980460714526763
2023-07-03 23:58:58,594 - __main__ - DEBUG - now running level 2...
2023-07-03 23:58:58,595 - __main__ - DEBUG - Option B chosen. entropy increased by .1. Current entropy level: 0.2998046071452676264446068899
2023-07-03 23:58:58,595 - __main__ - DEBUG - sent to luma
2023-07-03 23:59:02,923 - __main__ - INFO - Logger is set up and running.
2023-07-03 23:59:02,924 - __main__ - DEBUG - starting game session....
2023-07-03 23:59:02,924 - __main__ - DEBUG - game_state: level, entropy: (2, Decimal('0.70825603324843910968411364592611789703369140625'))
2023-07-03 23:59:02,924 - __main__ - DEBUG - starting peom generation
2023-07-03 23:59:02,924 - __main__ - DEBUG - runing poetry_gen_apollo, current entropy is: 0.7082560332484391
2023-07-03 23:59:09,257 - __main__ - DEBUG - now running level 2...
2023-07-03 23:59:09,257 - __main__ - DEBUG - Option B chosen. entropy increased by .1. Current entropy level: 0.8082560332484391096841136459
2023-07-03 23:59:09,257 - __main__ - DEBUG - sent to luma
2023-07-03 23:59:21,057 - __main__ - INFO - Logger is set up and running.
2023-07-03 23:59:21,057 - __main__ - DEBUG - starting game session....
2023-07-03 23:59:21,057 - __main__ - DEBUG - game_state: level, entropy: (2, Decimal('0.8000000000000000444089209850062616169452667236328125'))
2023-07-03 23:59:21,057 - __main__ - DEBUG - starting peom generation
2023-07-03 23:59:21,057 - __main__ - DEBUG - runing poetry_gen_apollo, current entropy is: 0.8
2023-07-03 23:59:31,432 - __main__ - DEBUG - now running level 2...
2023-07-03 23:59:31,433 - __main__ - DEBUG - Option B chosen. entropy increased by .1. Current entropy level: 0.9000000000000000444089209850
2023-07-03 23:59:31,433 - __main__ - DEBUG - sent to luma
