2023-06-26 22:28:22,623 - create_vars - DEBUG - webtext words are: country honest not me but
2023-06-26 22:28:25,374 - create_vars - DEBUG - wordnet words are: first_class tiptoe point-blank conservatively
2023-06-26 22:31:22,465 - create_vars - DEBUG - webtext words are: modifiers next more your nor
2023-06-26 22:31:25,332 - create_vars - DEBUG - wordnet words are: down down later once
2023-06-26 22:34:54,341 - create_vars - DEBUG - webtext words are: haw great well It And
2023-06-26 22:34:57,070 - create_vars - DEBUG - wordnet words are: well wholesale collect profoundly
2023-06-26 22:39:49,997 - create_vars - DEBUG - webtext words are: Student better ta We Yuppie
2023-06-26 22:39:52,757 - create_vars - DEBUG - wordnet words are: so retail backstage quietly
2023-06-26 22:42:38,357 - create_vars - DEBUG - webtext words are: right RIGHT easily I And
2023-06-26 22:42:41,130 - create_vars - DEBUG - wordnet words are: southerly well home newly
2023-06-26 22:43:26,136 - create_vars - DEBUG - webtext words are: g ha then They and
2023-06-26 22:43:28,878 - create_vars - DEBUG - wordnet words are: uphill scorching downfield effusively
2023-06-26 22:46:21,478 - create_vars - DEBUG - webtext words are: chord silly most them And
2023-06-26 22:46:24,244 - create_vars - DEBUG - wordnet words are: behind further onshore isotropically
2023-06-26 22:47:38,588 - create_vars - DEBUG - webtext words are: shore much just We Or
2023-06-26 22:47:41,323 - create_vars - DEBUG - wordnet words are: overtime up fast predominantly
2023-06-26 22:47:57,001 - create_vars - DEBUG - webtext words are: bar unable unexpectedly itself or
2023-06-26 22:47:59,741 - create_vars - DEBUG - wordnet words are: horseback back behind lasciviously
2023-06-26 22:49:04,988 - create_vars - DEBUG - webtext words are: moment vegetal also their Rather
2023-06-26 22:49:07,712 - create_vars - DEBUG - wordnet words are: pat wholesale far ecologically
2023-06-26 22:49:46,109 - create_vars - DEBUG - webtext words are: others web together we but
2023-06-26 22:49:48,810 - create_vars - DEBUG - wordnet words are: far out only short
2023-06-26 22:53:42,138 - create_vars - DEBUG - webtext words are: oar more up them Or
2023-06-26 22:53:44,849 - create_vars - DEBUG - wordnet words are: half-and-half piggyback down topographically
2023-06-26 22:54:40,592 - create_vars - DEBUG - webtext words are: blackcurrant hot soon its Rather
2023-06-26 22:54:43,309 - create_vars - DEBUG - wordnet words are: longer damned much de_novo
2023-06-26 22:55:26,399 - create_vars - DEBUG - webtext words are: description fresh totally My but
2023-06-26 22:55:29,163 - create_vars - DEBUG - wordnet words are: so pop outward sexually
2023-06-26 22:55:29,164 - create_vars - DEBUG - combined words are: description fresh totally My but so pop outward sexually
2023-06-26 22:56:19,806 - create_vars - DEBUG - webtext words are: someone such already he Or
2023-06-26 22:56:22,567 - create_vars - DEBUG - wordnet words are: ill chock apart fanatically
2023-06-26 22:56:22,567 - create_vars - DEBUG - combined words are: someone such already he Or ill chock apart fanatically
2023-06-26 22:57:03,293 - create_vars - DEBUG - webtext words are: tool non together you or
2023-06-26 22:57:06,003 - create_vars - DEBUG - wordnet words are: there long then questioningly
2023-06-26 22:57:06,003 - create_vars - DEBUG - combined words are: tool non together you or there long then questioningly
2023-06-26 22:58:39,495 - create_vars - DEBUG - webtext words are: man young sincere my and
2023-06-26 22:58:42,229 - create_vars - DEBUG - wordnet words are: best counter prestissimo rebelliously
2023-06-26 22:58:42,229 - create_vars - DEBUG - combined words are: man young sincere my and best counter prestissimo rebelliously
2023-06-26 23:00:00,120 - create_vars - DEBUG - webtext words are: prof professional well my and
2023-06-26 23:00:02,842 - create_vars - DEBUG - wordnet words are: foursquare short most onerously
2023-06-26 23:00:02,842 - create_vars - DEBUG - combined words are: prof professional well my and foursquare short most onerously
