2023-07-04 00:00:12,904 - main.py - INFO - Logger is set up and running.
2023-07-04 00:00:12,904 - main.py - DEBUG - starting game session....
2023-07-04 00:00:12,905 - main.py - DEBUG - game_state: level, entropy: (2, Decimal('0.8000000000000000444089209850062616169452667236328125'))
2023-07-04 00:00:12,905 - main.py - DEBUG - starting peom generation
2023-07-04 00:00:12,905 - main.py - DEBUG - runing poetry_gen_apollo, current entropy is: 0.8
2023-07-04 00:00:23,376 - main.py - DEBUG - now running level 2...
2023-07-04 00:00:23,377 - main.py - DEBUG - Option B chosen. entropy increased by .1. Current entropy level: 0.9000000000000000444089209850
2023-07-04 00:00:23,377 - main.py - DEBUG - sent to luma
2023-07-04 00:00:25,827 - main.py - INFO - Logger is set up and running.
2023-07-04 00:00:25,827 - main.py - DEBUG - starting game session....
2023-07-04 00:00:25,827 - main.py - DEBUG - game_state: level, entropy: (2, Decimal('0.8000000000000000444089209850062616169452667236328125'))
2023-07-04 00:00:25,827 - main.py - DEBUG - starting peom generation
2023-07-04 00:00:25,827 - main.py - DEBUG - runing poetry_gen_apollo, current entropy is: 0.8
2023-07-04 00:00:32,804 - main.py - DEBUG - now running level 2...
2023-07-04 00:00:32,804 - main.py - DEBUG - Option B chosen. entropy increased by .1. Current entropy level: 0.9000000000000000444089209850
2023-07-04 00:00:32,805 - main.py - DEBUG - sent to luma
2023-07-04 00:01:18,952 - main.py - INFO - Logger is set up and running.
2023-07-04 00:01:18,952 - main.py - DEBUG - starting game session....
2023-07-04 00:01:18,952 - main.py - DEBUG - game_state: level, entropy: (2, Decimal('0.8000000000000000444089209850062616169452667236328125'))
2023-07-04 00:01:18,952 - main.py - DEBUG - starting peom generation
2023-07-04 00:01:18,952 - main.py - DEBUG - runing poetry_gen_apollo, current entropy is: 0.8
2023-07-04 00:01:26,874 - main.py - DEBUG - now running level 2...
2023-07-04 00:01:26,874 - main.py - DEBUG - Option B chosen. entropy increased by .1. Current entropy level: 0.9000000000000000444089209850
2023-07-04 00:01:26,874 - main.py - DEBUG - sent to luma
2023-07-04 00:01:33,539 - main.py - INFO - Logger is set up and running.
2023-07-04 00:01:33,540 - main.py - DEBUG - starting game session....
2023-07-04 00:01:33,540 - main.py - DEBUG - game_state: level, entropy: (2, Decimal('0.75'))
2023-07-04 00:01:33,540 - main.py - DEBUG - starting peom generation
2023-07-04 00:01:33,540 - main.py - DEBUG - runing poetry_gen_apollo, current entropy is: 0.75
2023-07-04 00:01:42,539 - main.py - DEBUG - now running level 2...
2023-07-04 00:01:42,539 - main.py - DEBUG - Option B chosen. entropy increased by .1. Current entropy level: 0.85
2023-07-04 00:01:42,539 - main.py - DEBUG - sent to luma
2023-07-04 00:01:58,075 - main.py - INFO - Logger is set up and running.
2023-07-04 00:01:58,075 - main.py - DEBUG - starting game session....
2023-07-04 00:01:58,075 - main.py - DEBUG - game_state: level, entropy: (2, Decimal('0.75'))
2023-07-04 00:01:58,075 - main.py - DEBUG - starting peom generation
2023-07-04 00:01:58,075 - main.py - DEBUG - runing poetry_gen_apollo, current entropy is: 0.75
2023-07-04 00:02:06,163 - main.py - DEBUG - now running level 2...
2023-07-04 00:02:06,163 - main.py - DEBUG - Option B chosen. entropy increased by .1. Current entropy level: 0.85
2023-07-04 00:02:06,164 - main.py - DEBUG - sent to luma
2023-07-04 00:02:15,771 - main.py - INFO - Logger is set up and running.
2023-07-04 00:02:15,771 - main.py - DEBUG - starting game session....
2023-07-04 00:02:15,771 - main.py - DEBUG - game_state: level, entropy: (2, Decimal('0.75'))
2023-07-04 00:02:15,771 - main.py - DEBUG - starting peom generation
2023-07-04 00:02:15,771 - main.py - DEBUG - runing poetry_gen_apollo, current entropy is: 0.75
2023-07-04 00:02:22,347 - main.py - DEBUG - now running level 2...
2023-07-04 00:02:22,347 - main.py - DEBUG - Option B chosen. entropy increased by .1. Current entropy level: 0.85
2023-07-04 00:02:22,347 - main.py - DEBUG - sent to luma
2023-07-04 00:02:40,963 - main.py - INFO - Logger is set up and running.
2023-07-04 00:02:40,963 - main.py - DEBUG - starting game session....
2023-07-04 00:02:40,963 - main.py - DEBUG - game_state: level, entropy: (2, Decimal('0.75'))
2023-07-04 00:02:40,963 - main.py - DEBUG - starting peom generation
2023-07-04 00:02:40,963 - main.py - DEBUG - runing poetry_gen_apollo, current entropy is: 0.75
2023-07-04 00:02:48,360 - main.py - DEBUG - now running level 2...
2023-07-04 00:02:48,360 - main.py - DEBUG - Option B chosen. entropy increased by .1. Current entropy level: 0.85
2023-07-04 00:02:48,360 - main.py - DEBUG - sent to luma
2023-07-04 00:04:09,326 - main.py - INFO - Logger is set up and running.
2023-07-04 00:04:09,326 - main.py - DEBUG - starting game session....
2023-07-04 00:04:09,326 - main.py - DEBUG - game_state: level, entropy: (2, Decimal('0.75'))
2023-07-04 00:04:09,326 - main.py - DEBUG - starting peom generation
2023-07-04 00:04:09,326 - main.py - DEBUG - runing poetry_gen_apollo, current entropy is: 0.75
2023-07-04 00:04:19,221 - main.py - DEBUG - now running level 2...
2023-07-04 00:04:19,222 - main.py - DEBUG - Option B chosen. entropy increased by .1. Current entropy level: 0.85
2023-07-04 00:04:19,222 - main.py - DEBUG - sent to luma
2023-07-04 00:04:33,866 - main.py - INFO - Logger is set up and running.
2023-07-04 00:04:33,866 - main.py - DEBUG - starting game session....
2023-07-04 00:04:33,866 - main.py - DEBUG - game_state: level, entropy: (2, Decimal('0.5'))
2023-07-04 00:04:33,866 - main.py - DEBUG - starting peom generation
2023-07-04 00:04:33,866 - main.py - DEBUG - runing poetry_gen_apollo, current entropy is: 0.5
2023-07-04 00:04:41,740 - main.py - DEBUG - now running level 2...
2023-07-04 00:04:41,741 - main.py - DEBUG - Option B chosen. entropy increased by .1. Current entropy level: 0.6
2023-07-04 00:04:41,741 - main.py - DEBUG - sent to luma
2023-07-04 00:04:51,281 - main.py - INFO - Logger is set up and running.
2023-07-04 00:04:51,281 - main.py - DEBUG - starting game session....
2023-07-04 00:04:51,281 - main.py - DEBUG - game_state: level, entropy: (2, Decimal('0.5'))
2023-07-04 00:04:51,281 - main.py - DEBUG - starting peom generation
2023-07-04 00:04:51,281 - main.py - DEBUG - runing poetry_gen_apollo, current entropy is: 0.5
2023-07-04 00:04:59,134 - main.py - DEBUG - now running level 2...
2023-07-04 00:04:59,134 - main.py - DEBUG - Option B chosen. entropy increased by .1. Current entropy level: 0.6
2023-07-04 00:04:59,134 - main.py - DEBUG - sent to luma
2023-07-04 00:07:00,485 - main.py - INFO - Logger is set up and running.
2023-07-04 00:07:00,485 - main.py - DEBUG - starting game session....
2023-07-04 00:07:00,485 - main.py - DEBUG - game_state: level, entropy: (2, Decimal('0.5'))
2023-07-04 00:07:00,485 - main.py - DEBUG - starting peom generation
2023-07-04 00:07:00,485 - main.py - DEBUG - runing poetry_gen_apollo, current entropy is: 0.5
2023-07-04 00:07:07,148 - main.py - DEBUG - now running level 2...
2023-07-04 00:07:07,149 - main.py - DEBUG - Option B chosen. entropy increased by .1. Current entropy level: 0.6
2023-07-04 00:07:07,149 - main.py - DEBUG - sent to luma
2023-07-04 01:29:59,131 - main.py - INFO - Logger is set up and running.
2023-07-04 01:29:59,131 - main.py - DEBUG - starting game session....
2023-07-04 01:29:59,131 - main.py - DEBUG - game_state: level, entropy: (2, Decimal('0.5'))
2023-07-04 01:29:59,131 - main.py - DEBUG - starting peom generation
2023-07-04 01:29:59,131 - main.py - DEBUG - runing poetry_gen_apollo, current entropy is: 0.5
2023-07-04 01:30:07,755 - main.py - DEBUG - now running level 2...
2023-07-04 01:30:07,756 - main.py - DEBUG - Option B chosen. entropy increased by .1. Current entropy level: 0.6
2023-07-04 01:30:07,756 - main.py - DEBUG - sent to luma
